<?xml version="1.0" encoding="UTF-8"?>
<!-- Generated by org.testng.reporters.JUnitXMLReporter -->
<testsuite hostname="ChethanBidare-pc" ignored="0" name="Default test" tests="2" failures="0" timestamp="20 Jul 2018 06:15:05 GMT" time="12.505" errors="0">
  <testcase name="verifyLogin" time="4.345" classname="com.c2info.RMS_HomePageTCs.TC_001_VerifyLoginLogOut"/>
  <testcase name="verifyLogOut" time="1.072" classname="com.c2info.RMS_HomePageTCs.TC_001_VerifyLoginLogOut"/>
</testsuite> <!-- Default test -->
