<?xml version="1.0" encoding="UTF-8"?>
<!-- Generated by org.testng.reporters.JUnitXMLReporter -->
<testsuite hostname="ChethanBidare-pc" ignored="0" name="Default test" tests="2" failures="0" timestamp="27 Jun 2018 06:21:29 GMT" time="14.228" errors="0">
  <testcase name="verifyLogin" time="6.559" classname="com.c2info.RMS_HomePageTCs.TC_001_VerifyLoginLogOut"/>
  <testcase name="verifyLogOut" time="1.079" classname="com.c2info.RMS_HomePageTCs.TC_001_VerifyLoginLogOut"/>
</testsuite> <!-- Default test -->
