<?xml version="1.0" encoding="UTF-8"?>
<testng-results skipped="2" failed="11" ignored="0" total="34" passed="21">
  <reporter-output>
    <line>
      <![CDATA[<a href='E:\workspace\com.c2info.RMS\src\main\java\com\c2info\RMS_Screenshots\SuccessScreenshots\verifyNewRequestStatus_2018_06_178_11_06_274.png' ><img src = 'E:\workspace\com.c2info.RMS\src\main\java\com\c2info\RMS_Screenshots\SuccessScreenshots\verifyNewRequestStatus_2018_06_178_11_06_274.png' hieght='100' width='100' /></a>]]>
    </line>
    <line>
      <![CDATA[<a href='E:\workspace\com.c2info.RMS\src\main\java\com\c2info\RMS_Screenshots\FailureScreenshots\verifyUptoCostCenterApprovalFunctionality_2018_06_178_11_06_595.png' ><img src = 'E:\workspace\com.c2info.RMS\src\main\java\com\c2info\RMS_Screenshots\FailureScreenshots\verifyUptoCostCenterApprovalFunctionality_2018_06_178_11_06_595.png' hieght='100' width='100' /></a>]]>
    </line>
    <line>
      <![CDATA[<a href='E:\workspace\com.c2info.RMS\src\main\java\com\c2info\RMS_Screenshots\SuccessScreenshots\VerifyItemName_Qty_Price_InApprovalPage_2018_06_178_11_06_549.png' ><img src = 'E:\workspace\com.c2info.RMS\src\main\java\com\c2info\RMS_Screenshots\SuccessScreenshots\VerifyItemName_Qty_Price_InApprovalPage_2018_06_178_11_06_549.png' hieght='100' width='100' /></a>]]>
    </line>
    <line>
      <![CDATA[<a href='E:\workspace\com.c2info.RMS\src\main\java\com\c2info\RMS_Screenshots\SuccessScreenshots\VerifyItemName_Qty_Price_InApprovalPage_2018_06_178_11_06_471.png' ><img src = 'E:\workspace\com.c2info.RMS\src\main\java\com\c2info\RMS_Screenshots\SuccessScreenshots\VerifyItemName_Qty_Price_InApprovalPage_2018_06_178_11_06_471.png' hieght='100' width='100' /></a>]]>
    </line>
    <line>
      <![CDATA[<a href='E:\workspace\com.c2info.RMS\src\main\java\com\c2info\RMS_Screenshots\SuccessScreenshots\verifyItemDetails_2018_06_178_12_06_545.png' ><img src = 'E:\workspace\com.c2info.RMS\src\main\java\com\c2info\RMS_Screenshots\SuccessScreenshots\verifyItemDetails_2018_06_178_12_06_545.png' hieght='100' width='100' /></a>]]>
    </line>
    <line>
      <![CDATA[<a href='E:\workspace\com.c2info.RMS\src\main\java\com\c2info\RMS_Screenshots\SuccessScreenshots\verifyLogin_2018_06_178_12_06_367.png' ><img src = 'E:\workspace\com.c2info.RMS\src\main\java\com\c2info\RMS_Screenshots\SuccessScreenshots\verifyLogin_2018_06_178_12_06_367.png' hieght='100' width='100' /></a>]]>
    </line>
    <line>
      <![CDATA[<a href='E:\workspace\com.c2info.RMS\src\main\java\com\c2info\RMS_Screenshots\FailureScreenshots\verifyPriceFieldAfterUpdate_2018_06_178_12_06_57.png' ><img src = 'E:\workspace\com.c2info.RMS\src\main\java\com\c2info\RMS_Screenshots\FailureScreenshots\verifyPriceFieldAfterUpdate_2018_06_178_12_06_57.png' hieght='100' width='100' /></a>]]>
    </line>
    <line>
      <![CDATA[<a href='E:\workspace\com.c2info.RMS\src\main\java\com\c2info\RMS_Screenshots\SuccessScreenshots\verifyItemSearchInGridViewForMyRequest_2018_06_178_12_06_844.png' ><img src = 'E:\workspace\com.c2info.RMS\src\main\java\com\c2info\RMS_Screenshots\SuccessScreenshots\verifyItemSearchInGridViewForMyRequest_2018_06_178_12_06_844.png' hieght='100' width='100' /></a>]]>
    </line>
    <line>
      <![CDATA[<a href='E:\workspace\com.c2info.RMS\src\main\java\com\c2info\RMS_Screenshots\SuccessScreenshots\check_2018_06_178_12_06_298.png' ><img src = 'E:\workspace\com.c2info.RMS\src\main\java\com\c2info\RMS_Screenshots\SuccessScreenshots\check_2018_06_178_12_06_298.png' hieght='100' width='100' /></a>]]>
    </line>
    <line>
      <![CDATA[<a href='E:\workspace\com.c2info.RMS\src\main\java\com\c2info\RMS_Screenshots\SuccessScreenshots\verifyStatusInRequestorLoginPage_2018_06_178_12_06_859.png' ><img src = 'E:\workspace\com.c2info.RMS\src\main\java\com\c2info\RMS_Screenshots\SuccessScreenshots\verifyStatusInRequestorLoginPage_2018_06_178_12_06_859.png' hieght='100' width='100' /></a>]]>
    </line>
    <line>
      <![CDATA[<a href='E:\workspace\com.c2info.RMS\src\main\java\com\c2info\RMS_Screenshots\FailureScreenshots\verifyQtyIncreaseAfterUpdate_2018_06_178_12_06_577.png' ><img src = 'E:\workspace\com.c2info.RMS\src\main\java\com\c2info\RMS_Screenshots\FailureScreenshots\verifyQtyIncreaseAfterUpdate_2018_06_178_12_06_577.png' hieght='100' width='100' /></a>]]>
    </line>
    <line>
      <![CDATA[<a href='E:\workspace\com.c2info.RMS\src\main\java\com\c2info\RMS_Screenshots\FailureScreenshots\verifyDeskConfirmationFunctionality_2018_06_178_12_06_65.png' ><img src = 'E:\workspace\com.c2info.RMS\src\main\java\com\c2info\RMS_Screenshots\FailureScreenshots\verifyDeskConfirmationFunctionality_2018_06_178_12_06_65.png' hieght='100' width='100' /></a>]]>
    </line>
    <line>
      <![CDATA[<a href='E:\workspace\com.c2info.RMS\src\main\java\com\c2info\RMS_Screenshots\SuccessScreenshots\verifyRequestApprovalFunctionality_2018_06_178_12_06_494.png' ><img src = 'E:\workspace\com.c2info.RMS\src\main\java\com\c2info\RMS_Screenshots\SuccessScreenshots\verifyRequestApprovalFunctionality_2018_06_178_12_06_494.png' hieght='100' width='100' /></a>]]>
    </line>
    <line>
      <![CDATA[<a href='E:\workspace\com.c2info.RMS\src\main\java\com\c2info\RMS_Screenshots\FailureScreenshots\verifyEmployeeSearchInGridView_2018_06_178_12_06_303.png' ><img src = 'E:\workspace\com.c2info.RMS\src\main\java\com\c2info\RMS_Screenshots\FailureScreenshots\verifyEmployeeSearchInGridView_2018_06_178_12_06_303.png' hieght='100' width='100' /></a>]]>
    </line>
    <line>
      <![CDATA[<a href='E:\workspace\com.c2info.RMS\src\main\java\com\c2info\RMS_Screenshots\SuccessScreenshots\verifyStatusInCostCenterPage_2018_06_178_12_06_846.png' ><img src = 'E:\workspace\com.c2info.RMS\src\main\java\com\c2info\RMS_Screenshots\SuccessScreenshots\verifyStatusInCostCenterPage_2018_06_178_12_06_846.png' hieght='100' width='100' /></a>]]>
    </line>
    <line>
      <![CDATA[<a href='E:\workspace\com.c2info.RMS\src\main\java\com\c2info\RMS_Screenshots\SuccessScreenshots\verifyRequestCreationInApprovalPage_2018_06_178_12_06_339.png' ><img src = 'E:\workspace\com.c2info.RMS\src\main\java\com\c2info\RMS_Screenshots\SuccessScreenshots\verifyRequestCreationInApprovalPage_2018_06_178_12_06_339.png' hieght='100' width='100' /></a>]]>
    </line>
    <line>
      <![CDATA[<a href='E:\workspace\com.c2info.RMS\src\main\java\com\c2info\RMS_Screenshots\SuccessScreenshots\verifyListViewButtonFunctionality_2018_06_178_12_06_200.png' ><img src = 'E:\workspace\com.c2info.RMS\src\main\java\com\c2info\RMS_Screenshots\SuccessScreenshots\verifyListViewButtonFunctionality_2018_06_178_12_06_200.png' hieght='100' width='100' /></a>]]>
    </line>
    <line>
      <![CDATA[<a href='E:\workspace\com.c2info.RMS\src\main\java\com\c2info\RMS_Screenshots\SuccessScreenshots\verifyStatusInApprovalPage_2018_06_178_12_06_699.png' ><img src = 'E:\workspace\com.c2info.RMS\src\main\java\com\c2info\RMS_Screenshots\SuccessScreenshots\verifyStatusInApprovalPage_2018_06_178_12_06_699.png' hieght='100' width='100' /></a>]]>
    </line>
    <line>
      <![CDATA[<a href='E:\workspace\com.c2info.RMS\src\main\java\com\c2info\RMS_Screenshots\SuccessScreenshots\verifyBrokenLinks_2018_06_178_12_06_206.png' ><img src = 'E:\workspace\com.c2info.RMS\src\main\java\com\c2info\RMS_Screenshots\SuccessScreenshots\verifyBrokenLinks_2018_06_178_12_06_206.png' hieght='100' width='100' /></a>]]>
    </line>
    <line>
      <![CDATA[<a href='E:\workspace\com.c2info.RMS\src\main\java\com\c2info\RMS_Screenshots\SuccessScreenshots\verifyStatusInDeskPage_2018_06_178_12_06_520.png' ><img src = 'E:\workspace\com.c2info.RMS\src\main\java\com\c2info\RMS_Screenshots\SuccessScreenshots\verifyStatusInDeskPage_2018_06_178_12_06_520.png' hieght='100' width='100' /></a>]]>
    </line>
    <line>
      <![CDATA[<a href='E:\workspace\com.c2info.RMS\src\main\java\com\c2info\RMS_Screenshots\SuccessScreenshots\verifyItemDetails_2018_06_178_12_06_499.png' ><img src = 'E:\workspace\com.c2info.RMS\src\main\java\com\c2info\RMS_Screenshots\SuccessScreenshots\verifyItemDetails_2018_06_178_12_06_499.png' hieght='100' width='100' /></a>]]>
    </line>
    <line>
      <![CDATA[<a href='E:\workspace\com.c2info.RMS\src\main\java\com\c2info\RMS_Screenshots\FailureScreenshots\verifyUptoCostCenterApprovalFunctionality_2018_06_178_12_06_896.png' ><img src = 'E:\workspace\com.c2info.RMS\src\main\java\com\c2info\RMS_Screenshots\FailureScreenshots\verifyUptoCostCenterApprovalFunctionality_2018_06_178_12_06_896.png' hieght='100' width='100' /></a>]]>
    </line>
    <line>
      <![CDATA[<a href='E:\workspace\com.c2info.RMS\src\main\java\com\c2info\RMS_Screenshots\SuccessScreenshots\verifyAddingItems_2018_06_178_12_06_167.png' ><img src = 'E:\workspace\com.c2info.RMS\src\main\java\com\c2info\RMS_Screenshots\SuccessScreenshots\verifyAddingItems_2018_06_178_12_06_167.png' hieght='100' width='100' /></a>]]>
    </line>
    <line>
      <![CDATA[<a href='E:\workspace\com.c2info.RMS\src\main\java\com\c2info\RMS_Screenshots\FailureScreenshots\verifyUptoCostCenterApprovalFunctionality_2018_06_178_12_06_214.png' ><img src = 'E:\workspace\com.c2info.RMS\src\main\java\com\c2info\RMS_Screenshots\FailureScreenshots\verifyUptoCostCenterApprovalFunctionality_2018_06_178_12_06_214.png' hieght='100' width='100' /></a>]]>
    </line>
    <line>
      <![CDATA[<a href='E:\workspace\com.c2info.RMS\src\main\java\com\c2info\RMS_Screenshots\FailureScreenshots\verifyQtyField_2018_06_178_12_06_385.png' ><img src = 'E:\workspace\com.c2info.RMS\src\main\java\com\c2info\RMS_Screenshots\FailureScreenshots\verifyQtyField_2018_06_178_12_06_385.png' hieght='100' width='100' /></a>]]>
    </line>
    <line>
      <![CDATA[<a href='E:\workspace\com.c2info.RMS\src\main\java\com\c2info\RMS_Screenshots\SuccessScreenshots\verifyStatusInHomePage_2018_06_178_12_06_267.png' ><img src = 'E:\workspace\com.c2info.RMS\src\main\java\com\c2info\RMS_Screenshots\SuccessScreenshots\verifyStatusInHomePage_2018_06_178_12_06_267.png' hieght='100' width='100' /></a>]]>
    </line>
    <line>
      <![CDATA[<a href='E:\workspace\com.c2info.RMS\src\main\java\com\c2info\RMS_Screenshots\FailureScreenshots\verifyStatusInFinancialPage_2018_06_178_12_06_401.png' ><img src = 'E:\workspace\com.c2info.RMS\src\main\java\com\c2info\RMS_Screenshots\FailureScreenshots\verifyStatusInFinancialPage_2018_06_178_12_06_401.png' hieght='100' width='100' /></a>]]>
    </line>
    <line>
      <![CDATA[<a href='E:\workspace\com.c2info.RMS\src\main\java\com\c2info\RMS_Screenshots\SuccessScreenshots\verifyPriceField_2018_06_178_12_06_75.png' ><img src = 'E:\workspace\com.c2info.RMS\src\main\java\com\c2info\RMS_Screenshots\SuccessScreenshots\verifyPriceField_2018_06_178_12_06_75.png' hieght='100' width='100' /></a>]]>
    </line>
    <line>
      <![CDATA[<a href='E:\workspace\com.c2info.RMS\src\main\java\com\c2info\RMS_Screenshots\SuccessScreenshots\verifyDeskConfirmationLink_2018_06_178_12_06_793.png' ><img src = 'E:\workspace\com.c2info.RMS\src\main\java\com\c2info\RMS_Screenshots\SuccessScreenshots\verifyDeskConfirmationLink_2018_06_178_12_06_793.png' hieght='100' width='100' /></a>]]>
    </line>
    <line>
      <![CDATA[<a href='E:\workspace\com.c2info.RMS\src\main\java\com\c2info\RMS_Screenshots\FailureScreenshots\verifyItemDetails_2018_06_178_12_06_725.png' ><img src = 'E:\workspace\com.c2info.RMS\src\main\java\com\c2info\RMS_Screenshots\FailureScreenshots\verifyItemDetails_2018_06_178_12_06_725.png' hieght='100' width='100' /></a>]]>
    </line>
    <line>
      <![CDATA[<a href='E:\workspace\com.c2info.RMS\src\main\java\com\c2info\RMS_Screenshots\SuccessScreenshots\verifyNewRequestFunctionality_2018_06_178_12_06_11.png' ><img src = 'E:\workspace\com.c2info.RMS\src\main\java\com\c2info\RMS_Screenshots\SuccessScreenshots\verifyNewRequestFunctionality_2018_06_178_12_06_11.png' hieght='100' width='100' /></a>]]>
    </line>
  </reporter-output>
  <suite name="Functional_Suite" duration-ms="2675162" started-at="2018-06-27T06:21:34Z" finished-at="2018-06-27T07:06:09Z">
    <groups>
    </groups>
    <test name="FunctionalTest" duration-ms="2675162" started-at="2018-06-27T06:21:34Z" finished-at="2018-06-27T07:06:09Z">
      <class name="com.c2info.RMS_RequestApproverTCs.TC001_VerifyUptoRequestApprovalFunctionality">
        <test-method status="PASS" signature="setup()[pri:0, instance:com.c2info.RMS_RequestApproverTCs.TC001_VerifyUptoRequestApprovalFunctionality@50a7bc6e]" name="setup" is-config="true" duration-ms="12119" started-at="2018-06-27T12:10:23Z" finished-at="2018-06-27T12:10:35Z">
          <reporter-output>
          </reporter-output>
        </test-method> <!-- setup -->
        <test-method status="PASS" signature="beforeMethod(java.lang.reflect.Method)[pri:0, instance:com.c2info.RMS_RequestApproverTCs.TC001_VerifyUptoRequestApprovalFunctionality@50a7bc6e]" name="beforeMethod" is-config="true" duration-ms="0" started-at="2018-06-27T12:10:35Z" finished-at="2018-06-27T12:10:35Z">
          <params>
            <param index="0">
              <value>
                <![CDATA[public void com.c2info.RMS_RequestApproverTCs.TC001_VerifyUptoRequestApprovalFunctionality.verifyRequestApprovalFunctionality() throws java.lang.InterruptedException]]>
              </value>
            </param>
          </params>
          <reporter-output>
          </reporter-output>
        </test-method> <!-- beforeMethod -->
        <test-method status="PASS" signature="verifyRequestApprovalFunctionality()[pri:0, instance:com.c2info.RMS_RequestApproverTCs.TC001_VerifyUptoRequestApprovalFunctionality@50a7bc6e]" name="verifyRequestApprovalFunctionality" duration-ms="96494" started-at="2018-06-27T12:10:35Z" finished-at="2018-06-27T12:12:12Z">
          <reporter-output>
            <line>
              <![CDATA[<a href='E:\workspace\com.c2info.RMS\src\main\java\com\c2info\RMS_Screenshots\SuccessScreenshots\verifyRequestApprovalFunctionality_2018_06_178_12_06_494.png' ><img src = 'E:\workspace\com.c2info.RMS\src\main\java\com\c2info\RMS_Screenshots\SuccessScreenshots\verifyRequestApprovalFunctionality_2018_06_178_12_06_494.png' hieght='100' width='100' /></a>]]>
            </line>
          </reporter-output>
        </test-method> <!-- verifyRequestApprovalFunctionality -->
        <test-method status="PASS" signature="afterMethod(org.testng.ITestResult)[pri:0, instance:com.c2info.RMS_RequestApproverTCs.TC001_VerifyUptoRequestApprovalFunctionality@50a7bc6e]" name="afterMethod" is-config="true" duration-ms="1" started-at="2018-06-27T12:12:12Z" finished-at="2018-06-27T12:12:12Z">
          <params>
            <param index="0">
              <value>
                <![CDATA[[TestResult name=verifyRequestApprovalFunctionality status=SUCCESS method=TC001_VerifyUptoRequestApprovalFunctionality.verifyRequestApprovalFunctionality()[pri:0, instance:com.c2info.RMS_RequestApproverTCs.TC001_VerifyUptoRequestApprovalFunctionality@50a7bc6e] output=<a href='E:\workspace\com.c2info.RMS\src\main\java\com\c2info\RMS_Screenshots\SuccessScreenshots\verifyRequestApprovalFunctionality_2018_06_178_12_06_494.png' ><img src = 'E:\workspace\com.c2info.RMS\src\main\java\com\c2info\RMS_Screenshots\SuccessScreenshots\verifyRequestApprovalFunctionality_2018_06_178_12_06_494.png' hieght='100' width='100' /></a>]]]>
              </value>
            </param>
          </params>
          <reporter-output>
          </reporter-output>
        </test-method> <!-- afterMethod -->
        <test-method status="PASS" signature="endTest()[pri:0, instance:com.c2info.RMS_RequestApproverTCs.TC001_VerifyUptoRequestApprovalFunctionality@50a7bc6e]" name="endTest" is-config="true" duration-ms="110" started-at="2018-06-27T12:12:12Z" finished-at="2018-06-27T12:12:12Z">
          <reporter-output>
          </reporter-output>
        </test-method> <!-- endTest -->
      </class> <!-- com.c2info.RMS_RequestApproverTCs.TC001_VerifyUptoRequestApprovalFunctionality -->
      <class name="com.c2info.RMS_DeskConfirmerTCs.TC002_VerifyUptoDeskConfirmationFunctionality">
        <test-method status="PASS" signature="setup()[pri:0, instance:com.c2info.RMS_DeskConfirmerTCs.TC002_VerifyUptoDeskConfirmationFunctionality@240237d2]" name="setup" is-config="true" duration-ms="11047" started-at="2018-06-27T12:06:40Z" finished-at="2018-06-27T12:06:51Z">
          <reporter-output>
          </reporter-output>
        </test-method> <!-- setup -->
        <test-method status="PASS" signature="beforeMethod(java.lang.reflect.Method)[pri:0, instance:com.c2info.RMS_DeskConfirmerTCs.TC002_VerifyUptoDeskConfirmationFunctionality@240237d2]" name="beforeMethod" is-config="true" duration-ms="1" started-at="2018-06-27T12:06:51Z" finished-at="2018-06-27T12:06:51Z">
          <params>
            <param index="0">
              <value>
                <![CDATA[public void com.c2info.RMS_DeskConfirmerTCs.TC002_VerifyUptoDeskConfirmationFunctionality.verifyDeskConfirmationFunctionality() throws java.lang.InterruptedException]]>
              </value>
            </param>
          </params>
          <reporter-output>
          </reporter-output>
        </test-method> <!-- beforeMethod -->
        <test-method status="FAIL" signature="verifyDeskConfirmationFunctionality()[pri:0, instance:com.c2info.RMS_DeskConfirmerTCs.TC002_VerifyUptoDeskConfirmationFunctionality@240237d2]" name="verifyDeskConfirmationFunctionality" duration-ms="211792" started-at="2018-06-27T12:06:51Z" finished-at="2018-06-27T12:10:23Z">
          <exception class="org.openqa.selenium.TimeoutException">
            <message>
              <![CDATA[Timed out after 60 seconds waiting for element to be clickable: Proxy element for: DefaultElementLocator 'By.id: select2-empname-container'
Build info: version: '2.53.1', revision: 'a36b8b1cd5757287168e54b817830adce9b0158d', time: '2016-06-30 19:26:09'
System info: host: 'ChethanBidare-pc', ip: '172.16.18.209', os.name: 'Windows 10', os.arch: 'amd64', os.version: '10.0', java.version: '1.8.0_144'
Driver info: org.openqa.selenium.chrome.ChromeDriver
Capabilities [{applicationCacheEnabled=false, rotatable=false, mobileEmulationEnabled=false, networkConnectionEnabled=false, chrome={chromedriverVersion=2.37.544315 (730aa6a5fdba159ac9f4c1e8cbc59bf1b5ce12b7), userDataDir=C:\Users\User1\AppData\Local\Temp\scoped_dir12468_5305}, takesHeapSnapshot=true, pageLoadStrategy=normal, databaseEnabled=false, handlesAlerts=true, hasTouchScreen=false, version=67.0.3396.99, platform=XP, browserConnectionEnabled=false, nativeEvents=true, acceptSslCerts=false, acceptInsecureCerts=false, locationContextEnabled=true, webStorageEnabled=true, browserName=chrome, takesScreenshot=true, javascriptEnabled=true, cssSelectorsEnabled=true, setWindowRect=true, unexpectedAlertBehaviour=}]
Session ID: 4fb1a0359a71131d638a2197bf69cdb9]]>
            </message>
            <full-stacktrace>
              <![CDATA[org.openqa.selenium.TimeoutException: Timed out after 60 seconds waiting for element to be clickable: Proxy element for: DefaultElementLocator 'By.id: select2-empname-container'
Build info: version: '2.53.1', revision: 'a36b8b1cd5757287168e54b817830adce9b0158d', time: '2016-06-30 19:26:09'
System info: host: 'ChethanBidare-pc', ip: '172.16.18.209', os.name: 'Windows 10', os.arch: 'amd64', os.version: '10.0', java.version: '1.8.0_144'
Driver info: org.openqa.selenium.chrome.ChromeDriver
Capabilities [{applicationCacheEnabled=false, rotatable=false, mobileEmulationEnabled=false, networkConnectionEnabled=false, chrome={chromedriverVersion=2.37.544315 (730aa6a5fdba159ac9f4c1e8cbc59bf1b5ce12b7), userDataDir=C:\Users\User1\AppData\Local\Temp\scoped_dir12468_5305}, takesHeapSnapshot=true, pageLoadStrategy=normal, databaseEnabled=false, handlesAlerts=true, hasTouchScreen=false, version=67.0.3396.99, platform=XP, browserConnectionEnabled=false, nativeEvents=true, acceptSslCerts=false, acceptInsecureCerts=false, locationContextEnabled=true, webStorageEnabled=true, browserName=chrome, takesScreenshot=true, javascriptEnabled=true, cssSelectorsEnabled=true, setWindowRect=true, unexpectedAlertBehaviour=}]
Session ID: 4fb1a0359a71131d638a2197bf69cdb9
	at org.openqa.selenium.support.ui.WebDriverWait.timeoutException(WebDriverWait.java:80)
	at org.openqa.selenium.support.ui.FluentWait.until(FluentWait.java:261)
	at com.c2info.RMS_UIActions.DeskConfirmationPage.selectSupplierAndLoadData(DeskConfirmationPage.java:115)
	at com.c2info.RMS_DeskConfirmerTCs.TC002_VerifyUptoDeskConfirmationFunctionality.verifyDeskConfirmationFunctionality(TC002_VerifyUptoDeskConfirmationFunctionality.java:78)
	at sun.reflect.NativeMethodAccessorImpl.invoke0(Native Method)
	at sun.reflect.NativeMethodAccessorImpl.invoke(NativeMethodAccessorImpl.java:62)
	at sun.reflect.DelegatingMethodAccessorImpl.invoke(DelegatingMethodAccessorImpl.java:43)
	at java.lang.reflect.Method.invoke(Method.java:498)
	at org.testng.internal.MethodInvocationHelper.invokeMethod(MethodInvocationHelper.java:108)
	at org.testng.internal.Invoker.invokeMethod(Invoker.java:669)
	at org.testng.internal.Invoker.invokeTestMethod(Invoker.java:877)
	at org.testng.internal.Invoker.invokeTestMethods(Invoker.java:1201)
	at org.testng.internal.TestMethodWorker.invokeTestMethods(TestMethodWorker.java:125)
	at org.testng.internal.TestMethodWorker.run(TestMethodWorker.java:109)
	at org.testng.TestRunner.privateRun(TestRunner.java:776)
	at org.testng.TestRunner.run(TestRunner.java:634)
	at org.testng.SuiteRunner.runTest(SuiteRunner.java:425)
	at org.testng.SuiteRunner.runSequentially(SuiteRunner.java:420)
	at org.testng.SuiteRunner.privateRun(SuiteRunner.java:385)
	at org.testng.SuiteRunner.run(SuiteRunner.java:334)
	at org.testng.SuiteRunnerWorker.runSuite(SuiteRunnerWorker.java:52)
	at org.testng.SuiteRunnerWorker.run(SuiteRunnerWorker.java:86)
	at org.testng.TestNG.runSuitesSequentially(TestNG.java:1318)
	at org.testng.TestNG.runSuitesLocally(TestNG.java:1243)
	at org.testng.TestNG.runSuites(TestNG.java:1161)
	at org.testng.TestNG.run(TestNG.java:1129)
	at org.testng.remote.AbstractRemoteTestNG.run(AbstractRemoteTestNG.java:114)
	at org.testng.remote.RemoteTestNG.initAndRun(RemoteTestNG.java:251)
	at org.testng.remote.RemoteTestNG.main(RemoteTestNG.java:77)
Caused by: org.openqa.selenium.NoSuchElementException: no such element: Unable to locate element: {"method":"id","selector":"select2-empname-container"}
  (Session info: chrome=67.0.3396.99)
  (Driver info: chromedriver=2.37.544315 (730aa6a5fdba159ac9f4c1e8cbc59bf1b5ce12b7),platform=Windows NT 10.0.17134 x86_64) (WARNING: The server did not provide any stacktrace information)
Command duration or timeout: 60.03 seconds
For documentation on this error, please visit: http://seleniumhq.org/exceptions/no_such_element.html
Build info: version: '2.53.1', revision: 'a36b8b1cd5757287168e54b817830adce9b0158d', time: '2016-06-30 19:26:09'
System info: host: 'ChethanBidare-pc', ip: '172.16.18.209', os.name: 'Windows 10', os.arch: 'amd64', os.version: '10.0', java.version: '1.8.0_144'
Driver info: org.openqa.selenium.chrome.ChromeDriver
Capabilities [{applicationCacheEnabled=false, rotatable=false, mobileEmulationEnabled=false, networkConnectionEnabled=false, chrome={chromedriverVersion=2.37.544315 (730aa6a5fdba159ac9f4c1e8cbc59bf1b5ce12b7), userDataDir=C:\Users\User1\AppData\Local\Temp\scoped_dir12468_5305}, takesHeapSnapshot=true, pageLoadStrategy=normal, databaseEnabled=false, handlesAlerts=true, hasTouchScreen=false, version=67.0.3396.99, platform=XP, browserConnectionEnabled=false, nativeEvents=true, acceptSslCerts=false, acceptInsecureCerts=false, locationContextEnabled=true, webStorageEnabled=true, browserName=chrome, takesScreenshot=true, javascriptEnabled=true, cssSelectorsEnabled=true, setWindowRect=true, unexpectedAlertBehaviour=}]
Session ID: 4fb1a0359a71131d638a2197bf69cdb9
*** Element info: {Using=id, value=select2-empname-container}
	at sun.reflect.NativeConstructorAccessorImpl.newInstance0(Native Method)
	at sun.reflect.NativeConstructorAccessorImpl.newInstance(NativeConstructorAccessorImpl.java:62)
	at sun.reflect.DelegatingConstructorAccessorImpl.newInstance(DelegatingConstructorAccessorImpl.java:45)
	at java.lang.reflect.Constructor.newInstance(Constructor.java:423)
	at org.openqa.selenium.remote.ErrorHandler.createThrowable(ErrorHandler.java:206)
	at org.openqa.selenium.remote.ErrorHandler.throwIfResponseFailed(ErrorHandler.java:158)
	at org.openqa.selenium.remote.RemoteWebDriver.execute(RemoteWebDriver.java:678)
	at org.openqa.selenium.remote.RemoteWebDriver.findElement(RemoteWebDriver.java:363)
	at org.openqa.selenium.remote.RemoteWebDriver.findElementById(RemoteWebDriver.java:413)
	at org.openqa.selenium.By$ById.findElement(By.java:218)
	at org.openqa.selenium.remote.RemoteWebDriver.findElement(RemoteWebDriver.java:355)
	at org.openqa.selenium.support.pagefactory.DefaultElementLocator.findElement(DefaultElementLocator.java:69)
	at org.openqa.selenium.support.pagefactory.internal.LocatingElementHandler.invoke(LocatingElementHandler.java:38)
	at com.sun.proxy.$Proxy9.isDisplayed(Unknown Source)
	at org.openqa.selenium.support.ui.ExpectedConditions.elementIfVisible(ExpectedConditions.java:302)
	at org.openqa.selenium.support.ui.ExpectedConditions.access$100(ExpectedConditions.java:41)
	at org.openqa.selenium.support.ui.ExpectedConditions$10.apply(ExpectedConditions.java:288)
	at org.openqa.selenium.support.ui.ExpectedConditions$10.apply(ExpectedConditions.java:285)
	at org.openqa.selenium.support.ui.ExpectedConditions$23.apply(ExpectedConditions.java:687)
	at org.openqa.selenium.support.ui.ExpectedConditions$23.apply(ExpectedConditions.java:680)
	at org.openqa.selenium.support.ui.FluentWait.until(FluentWait.java:238)
	... 27 more
]]>
            </full-stacktrace>
          </exception> <!-- org.openqa.selenium.TimeoutException -->
          <reporter-output>
            <line>
              <![CDATA[<a href='E:\workspace\com.c2info.RMS\src\main\java\com\c2info\RMS_Screenshots\FailureScreenshots\verifyDeskConfirmationFunctionality_2018_06_178_12_06_65.png' ><img src = 'E:\workspace\com.c2info.RMS\src\main\java\com\c2info\RMS_Screenshots\FailureScreenshots\verifyDeskConfirmationFunctionality_2018_06_178_12_06_65.png' hieght='100' width='100' /></a>]]>
            </line>
          </reporter-output>
        </test-method> <!-- verifyDeskConfirmationFunctionality -->
        <test-method status="PASS" signature="afterMethod(org.testng.ITestResult)[pri:0, instance:com.c2info.RMS_DeskConfirmerTCs.TC002_VerifyUptoDeskConfirmationFunctionality@240237d2]" name="afterMethod" is-config="true" duration-ms="334" started-at="2018-06-27T12:10:23Z" finished-at="2018-06-27T12:10:23Z">
          <params>
            <param index="0">
              <value>
                <![CDATA[[TestResult name=verifyDeskConfirmationFunctionality status=FAILURE method=TC002_VerifyUptoDeskConfirmationFunctionality.verifyDeskConfirmationFunctionality()[pri:0, instance:com.c2info.RMS_DeskConfirmerTCs.TC002_VerifyUptoDeskConfirmationFunctionality@240237d2] output=<a href='E:\workspace\com.c2info.RMS\src\main\java\com\c2info\RMS_Screenshots\FailureScreenshots\verifyDeskConfirmationFunctionality_2018_06_178_12_06_65.png' ><img src = 'E:\workspace\com.c2info.RMS\src\main\java\com\c2info\RMS_Screenshots\FailureScreenshots\verifyDeskConfirmationFunctionality_2018_06_178_12_06_65.png' hieght='100' width='100' /></a>]]]>
              </value>
            </param>
          </params>
          <reporter-output>
          </reporter-output>
        </test-method> <!-- afterMethod -->
        <test-method status="PASS" signature="endTest()[pri:0, instance:com.c2info.RMS_DeskConfirmerTCs.TC002_VerifyUptoDeskConfirmationFunctionality@240237d2]" name="endTest" is-config="true" duration-ms="107" started-at="2018-06-27T12:10:23Z" finished-at="2018-06-27T12:10:23Z">
          <reporter-output>
          </reporter-output>
        </test-method> <!-- endTest -->
      </class> <!-- com.c2info.RMS_DeskConfirmerTCs.TC002_VerifyUptoDeskConfirmationFunctionality -->
      <class name="com.c2info.RMS_CostCenterApproverTCs.TC002_VerifyItemDetailsInCostCenterPage">
        <test-method status="PASS" signature="setup()[pri:0, instance:com.c2info.RMS_CostCenterApproverTCs.TC002_VerifyItemDetailsInCostCenterPage@4034c28c]" name="setup" is-config="true" duration-ms="11641" started-at="2018-06-27T12:19:15Z" finished-at="2018-06-27T12:19:26Z">
          <reporter-output>
          </reporter-output>
        </test-method> <!-- setup -->
        <test-method status="PASS" signature="verifyItemDetails()[pri:0, instance:com.c2info.RMS_CostCenterApproverTCs.TC002_VerifyItemDetailsInCostCenterPage@4034c28c]" name="verifyItemDetails" duration-ms="97655" started-at="2018-06-27T12:19:26Z" finished-at="2018-06-27T12:21:04Z">
          <reporter-output>
            <line>
              <![CDATA[<a href='E:\workspace\com.c2info.RMS\src\main\java\com\c2info\RMS_Screenshots\SuccessScreenshots\verifyItemDetails_2018_06_178_12_06_499.png' ><img src = 'E:\workspace\com.c2info.RMS\src\main\java\com\c2info\RMS_Screenshots\SuccessScreenshots\verifyItemDetails_2018_06_178_12_06_499.png' hieght='100' width='100' /></a>]]>
            </line>
          </reporter-output>
        </test-method> <!-- verifyItemDetails -->
        <test-method status="PASS" signature="beforeMethod(java.lang.reflect.Method)[pri:0, instance:com.c2info.RMS_CostCenterApproverTCs.TC002_VerifyItemDetailsInCostCenterPage@4034c28c]" name="beforeMethod" is-config="true" duration-ms="0" started-at="2018-06-27T12:19:26Z" finished-at="2018-06-27T12:19:26Z">
          <params>
            <param index="0">
              <value>
                <![CDATA[public void com.c2info.RMS_CostCenterApproverTCs.TC002_VerifyItemDetailsInCostCenterPage.verifyItemDetails() throws java.lang.InterruptedException]]>
              </value>
            </param>
          </params>
          <reporter-output>
          </reporter-output>
        </test-method> <!-- beforeMethod -->
        <test-method status="PASS" signature="afterMethod(org.testng.ITestResult)[pri:0, instance:com.c2info.RMS_CostCenterApproverTCs.TC002_VerifyItemDetailsInCostCenterPage@4034c28c]" name="afterMethod" is-config="true" duration-ms="0" started-at="2018-06-27T12:21:04Z" finished-at="2018-06-27T12:21:04Z">
          <params>
            <param index="0">
              <value>
                <![CDATA[[TestResult name=verifyItemDetails status=SUCCESS method=TC002_VerifyItemDetailsInCostCenterPage.verifyItemDetails()[pri:0, instance:com.c2info.RMS_CostCenterApproverTCs.TC002_VerifyItemDetailsInCostCenterPage@4034c28c] output=<a href='E:\workspace\com.c2info.RMS\src\main\java\com\c2info\RMS_Screenshots\SuccessScreenshots\verifyItemDetails_2018_06_178_12_06_499.png' ><img src = 'E:\workspace\com.c2info.RMS\src\main\java\com\c2info\RMS_Screenshots\SuccessScreenshots\verifyItemDetails_2018_06_178_12_06_499.png' hieght='100' width='100' /></a>]]]>
              </value>
            </param>
          </params>
          <reporter-output>
          </reporter-output>
        </test-method> <!-- afterMethod -->
        <test-method status="PASS" signature="endTest()[pri:0, instance:com.c2info.RMS_CostCenterApproverTCs.TC002_VerifyItemDetailsInCostCenterPage@4034c28c]" name="endTest" is-config="true" duration-ms="2114" started-at="2018-06-27T12:21:04Z" finished-at="2018-06-27T12:21:06Z">
          <reporter-output>
          </reporter-output>
        </test-method> <!-- endTest -->
      </class> <!-- com.c2info.RMS_CostCenterApproverTCs.TC002_VerifyItemDetailsInCostCenterPage -->
      <class name="com.c2info.RMS_NewRequestTCs.TC005_VerifyPriceField">
        <test-method status="PASS" signature="setup()[pri:0, instance:com.c2info.RMS_NewRequestTCs.TC005_VerifyPriceField@5af97850]" name="setup" is-config="true" duration-ms="10976" started-at="2018-06-27T12:32:13Z" finished-at="2018-06-27T12:32:24Z">
          <reporter-output>
          </reporter-output>
        </test-method> <!-- setup -->
        <test-method status="PASS" signature="beforeMethod(java.lang.reflect.Method)[pri:0, instance:com.c2info.RMS_NewRequestTCs.TC005_VerifyPriceField@5af97850]" name="beforeMethod" is-config="true" duration-ms="0" started-at="2018-06-27T12:32:24Z" finished-at="2018-06-27T12:32:24Z">
          <params>
            <param index="0">
              <value>
                <![CDATA[public void com.c2info.RMS_NewRequestTCs.TC005_VerifyPriceField.verifyPriceField() throws java.lang.InterruptedException]]>
              </value>
            </param>
          </params>
          <reporter-output>
          </reporter-output>
        </test-method> <!-- beforeMethod -->
        <test-method status="PASS" signature="verifyPriceField()[pri:0, instance:com.c2info.RMS_NewRequestTCs.TC005_VerifyPriceField@5af97850]" name="verifyPriceField" duration-ms="17965" started-at="2018-06-27T12:32:24Z" finished-at="2018-06-27T12:32:42Z">
          <reporter-output>
            <line>
              <![CDATA[<a href='E:\workspace\com.c2info.RMS\src\main\java\com\c2info\RMS_Screenshots\SuccessScreenshots\verifyPriceField_2018_06_178_12_06_75.png' ><img src = 'E:\workspace\com.c2info.RMS\src\main\java\com\c2info\RMS_Screenshots\SuccessScreenshots\verifyPriceField_2018_06_178_12_06_75.png' hieght='100' width='100' /></a>]]>
            </line>
          </reporter-output>
        </test-method> <!-- verifyPriceField -->
        <test-method status="PASS" signature="endTest()[pri:0, instance:com.c2info.RMS_NewRequestTCs.TC005_VerifyPriceField@5af97850]" name="endTest" is-config="true" duration-ms="91" started-at="2018-06-27T12:32:42Z" finished-at="2018-06-27T12:32:42Z">
          <reporter-output>
          </reporter-output>
        </test-method> <!-- endTest -->
        <test-method status="PASS" signature="afterMethod(org.testng.ITestResult)[pri:0, instance:com.c2info.RMS_NewRequestTCs.TC005_VerifyPriceField@5af97850]" name="afterMethod" is-config="true" duration-ms="0" started-at="2018-06-27T12:32:42Z" finished-at="2018-06-27T12:32:42Z">
          <params>
            <param index="0">
              <value>
                <![CDATA[[TestResult name=verifyPriceField status=SUCCESS method=TC005_VerifyPriceField.verifyPriceField()[pri:0, instance:com.c2info.RMS_NewRequestTCs.TC005_VerifyPriceField@5af97850] output=<a href='E:\workspace\com.c2info.RMS\src\main\java\com\c2info\RMS_Screenshots\SuccessScreenshots\verifyPriceField_2018_06_178_12_06_75.png' ><img src = 'E:\workspace\com.c2info.RMS\src\main\java\com\c2info\RMS_Screenshots\SuccessScreenshots\verifyPriceField_2018_06_178_12_06_75.png' hieght='100' width='100' /></a>]]]>
              </value>
            </param>
          </params>
          <reporter-output>
          </reporter-output>
        </test-method> <!-- afterMethod -->
      </class> <!-- com.c2info.RMS_NewRequestTCs.TC005_VerifyPriceField -->
      <class name="com.c2info.RMS_NewRequestTCs.TC008_VerifyApprovalStatusInRequestorLogin">
        <test-method status="PASS" signature="setup()[pri:0, instance:com.c2info.RMS_NewRequestTCs.TC008_VerifyApprovalStatusInRequestorLogin@5762806e]" name="setup" is-config="true" duration-ms="15982" started-at="2018-06-27T12:29:44Z" finished-at="2018-06-27T12:30:00Z">
          <reporter-output>
          </reporter-output>
        </test-method> <!-- setup -->
        <test-method status="PASS" signature="beforeMethod(java.lang.reflect.Method)[pri:0, instance:com.c2info.RMS_NewRequestTCs.TC008_VerifyApprovalStatusInRequestorLogin@5762806e]" name="beforeMethod" is-config="true" duration-ms="1" started-at="2018-06-27T12:30:00Z" finished-at="2018-06-27T12:30:00Z">
          <params>
            <param index="0">
              <value>
                <![CDATA[public void com.c2info.RMS_NewRequestTCs.TC008_VerifyApprovalStatusInRequestorLogin.verifyStatusInHomePage() throws java.lang.InterruptedException]]>
              </value>
            </param>
          </params>
          <reporter-output>
          </reporter-output>
        </test-method> <!-- beforeMethod -->
        <test-method status="PASS" signature="verifyStatusInHomePage()[pri:0, instance:com.c2info.RMS_NewRequestTCs.TC008_VerifyApprovalStatusInRequestorLogin@5762806e]" name="verifyStatusInHomePage" duration-ms="110151" started-at="2018-06-27T12:30:00Z" finished-at="2018-06-27T12:31:50Z">
          <reporter-output>
            <line>
              <![CDATA[<a href='E:\workspace\com.c2info.RMS\src\main\java\com\c2info\RMS_Screenshots\SuccessScreenshots\verifyStatusInHomePage_2018_06_178_12_06_267.png' ><img src = 'E:\workspace\com.c2info.RMS\src\main\java\com\c2info\RMS_Screenshots\SuccessScreenshots\verifyStatusInHomePage_2018_06_178_12_06_267.png' hieght='100' width='100' /></a>]]>
            </line>
          </reporter-output>
        </test-method> <!-- verifyStatusInHomePage -->
        <test-method status="PASS" signature="afterMethod(org.testng.ITestResult)[pri:0, instance:com.c2info.RMS_NewRequestTCs.TC008_VerifyApprovalStatusInRequestorLogin@5762806e]" name="afterMethod" is-config="true" duration-ms="0" started-at="2018-06-27T12:31:50Z" finished-at="2018-06-27T12:31:50Z">
          <params>
            <param index="0">
              <value>
                <![CDATA[[TestResult name=verifyStatusInHomePage status=SUCCESS method=TC008_VerifyApprovalStatusInRequestorLogin.verifyStatusInHomePage()[pri:0, instance:com.c2info.RMS_NewRequestTCs.TC008_VerifyApprovalStatusInRequestorLogin@5762806e] output=<a href='E:\workspace\com.c2info.RMS\src\main\java\com\c2info\RMS_Screenshots\SuccessScreenshots\verifyStatusInHomePage_2018_06_178_12_06_267.png' ><img src = 'E:\workspace\com.c2info.RMS\src\main\java\com\c2info\RMS_Screenshots\SuccessScreenshots\verifyStatusInHomePage_2018_06_178_12_06_267.png' hieght='100' width='100' /></a>]]]>
              </value>
            </param>
          </params>
          <reporter-output>
          </reporter-output>
        </test-method> <!-- afterMethod -->
        <test-method status="PASS" signature="endTest()[pri:0, instance:com.c2info.RMS_NewRequestTCs.TC008_VerifyApprovalStatusInRequestorLogin@5762806e]" name="endTest" is-config="true" duration-ms="2352" started-at="2018-06-27T12:31:50Z" finished-at="2018-06-27T12:31:52Z">
          <reporter-output>
          </reporter-output>
        </test-method> <!-- endTest -->
      </class> <!-- com.c2info.RMS_NewRequestTCs.TC008_VerifyApprovalStatusInRequestorLogin -->
      <class name="com.c2info.RMS_NewRequestTCs.TC002_VerifyByAddingItemsInRequest">
        <test-method status="PASS" signature="setup()[pri:0, instance:com.c2info.RMS_NewRequestTCs.TC002_VerifyByAddingItemsInRequest@e50a6f6]" name="setup" is-config="true" duration-ms="15682" started-at="2018-06-27T12:25:03Z" finished-at="2018-06-27T12:25:19Z">
          <reporter-output>
          </reporter-output>
        </test-method> <!-- setup -->
        <test-method status="PASS" signature="beforeMethod(java.lang.reflect.Method)[pri:0, instance:com.c2info.RMS_NewRequestTCs.TC002_VerifyByAddingItemsInRequest@e50a6f6]" name="beforeMethod" is-config="true" duration-ms="0" started-at="2018-06-27T12:25:19Z" finished-at="2018-06-27T12:25:19Z">
          <params>
            <param index="0">
              <value>
                <![CDATA[public void com.c2info.RMS_NewRequestTCs.TC002_VerifyByAddingItemsInRequest.verifyAddingItems() throws java.lang.InterruptedException]]>
              </value>
            </param>
          </params>
          <reporter-output>
          </reporter-output>
        </test-method> <!-- beforeMethod -->
        <test-method status="PASS" signature="verifyAddingItems()[pri:0, instance:com.c2info.RMS_NewRequestTCs.TC002_VerifyByAddingItemsInRequest@e50a6f6]" name="verifyAddingItems" duration-ms="16740" started-at="2018-06-27T12:25:19Z" finished-at="2018-06-27T12:25:36Z">
          <reporter-output>
            <line>
              <![CDATA[<a href='E:\workspace\com.c2info.RMS\src\main\java\com\c2info\RMS_Screenshots\SuccessScreenshots\verifyAddingItems_2018_06_178_12_06_167.png' ><img src = 'E:\workspace\com.c2info.RMS\src\main\java\com\c2info\RMS_Screenshots\SuccessScreenshots\verifyAddingItems_2018_06_178_12_06_167.png' hieght='100' width='100' /></a>]]>
            </line>
          </reporter-output>
        </test-method> <!-- verifyAddingItems -->
        <test-method status="PASS" signature="afterMethod(org.testng.ITestResult)[pri:0, instance:com.c2info.RMS_NewRequestTCs.TC002_VerifyByAddingItemsInRequest@e50a6f6]" name="afterMethod" is-config="true" duration-ms="0" started-at="2018-06-27T12:25:36Z" finished-at="2018-06-27T12:25:36Z">
          <params>
            <param index="0">
              <value>
                <![CDATA[[TestResult name=verifyAddingItems status=SUCCESS method=TC002_VerifyByAddingItemsInRequest.verifyAddingItems()[pri:0, instance:com.c2info.RMS_NewRequestTCs.TC002_VerifyByAddingItemsInRequest@e50a6f6] output=<a href='E:\workspace\com.c2info.RMS\src\main\java\com\c2info\RMS_Screenshots\SuccessScreenshots\verifyAddingItems_2018_06_178_12_06_167.png' ><img src = 'E:\workspace\com.c2info.RMS\src\main\java\com\c2info\RMS_Screenshots\SuccessScreenshots\verifyAddingItems_2018_06_178_12_06_167.png' hieght='100' width='100' /></a>]]]>
              </value>
            </param>
          </params>
          <reporter-output>
          </reporter-output>
        </test-method> <!-- afterMethod -->
        <test-method status="PASS" signature="endTest()[pri:0, instance:com.c2info.RMS_NewRequestTCs.TC002_VerifyByAddingItemsInRequest@e50a6f6]" name="endTest" is-config="true" duration-ms="99" started-at="2018-06-27T12:25:36Z" finished-at="2018-06-27T12:25:36Z">
          <reporter-output>
          </reporter-output>
        </test-method> <!-- endTest -->
      </class> <!-- com.c2info.RMS_NewRequestTCs.TC002_VerifyByAddingItemsInRequest -->
      <class name="com.c2info.RMS_HomePageTCs.TC_005_VerifySearchForItemName">
        <test-method status="PASS" signature="setup()[pri:0, instance:com.c2info.RMS_HomePageTCs.TC_005_VerifySearchForItemName@2893de87]" name="setup" is-config="true" duration-ms="10127" started-at="2018-06-27T12:02:12Z" finished-at="2018-06-27T12:02:22Z">
          <reporter-output>
          </reporter-output>
        </test-method> <!-- setup -->
        <test-method status="PASS" signature="verifyItemSearchInGridViewForMyRequest()[pri:0, instance:com.c2info.RMS_HomePageTCs.TC_005_VerifySearchForItemName@2893de87]" name="verifyItemSearchInGridViewForMyRequest" duration-ms="27923" started-at="2018-06-27T12:02:22Z" finished-at="2018-06-27T12:02:50Z">
          <reporter-output>
            <line>
              <![CDATA[<a href='E:\workspace\com.c2info.RMS\src\main\java\com\c2info\RMS_Screenshots\SuccessScreenshots\verifyItemSearchInGridViewForMyRequest_2018_06_178_12_06_844.png' ><img src = 'E:\workspace\com.c2info.RMS\src\main\java\com\c2info\RMS_Screenshots\SuccessScreenshots\verifyItemSearchInGridViewForMyRequest_2018_06_178_12_06_844.png' hieght='100' width='100' /></a>]]>
            </line>
          </reporter-output>
        </test-method> <!-- verifyItemSearchInGridViewForMyRequest -->
        <test-method status="PASS" signature="beforeMethod(java.lang.reflect.Method)[pri:0, instance:com.c2info.RMS_HomePageTCs.TC_005_VerifySearchForItemName@2893de87]" name="beforeMethod" is-config="true" duration-ms="0" started-at="2018-06-27T12:02:22Z" finished-at="2018-06-27T12:02:22Z">
          <params>
            <param index="0">
              <value>
                <![CDATA[public void com.c2info.RMS_HomePageTCs.TC_005_VerifySearchForItemName.verifyItemSearchInGridViewForMyRequest() throws java.lang.InterruptedException]]>
              </value>
            </param>
          </params>
          <reporter-output>
          </reporter-output>
        </test-method> <!-- beforeMethod -->
        <test-method status="PASS" signature="afterMethod(org.testng.ITestResult)[pri:0, instance:com.c2info.RMS_HomePageTCs.TC_005_VerifySearchForItemName@2893de87]" name="afterMethod" is-config="true" duration-ms="0" started-at="2018-06-27T12:02:51Z" finished-at="2018-06-27T12:02:51Z">
          <params>
            <param index="0">
              <value>
                <![CDATA[[TestResult name=verifyItemSearchInGridViewForMyRequest status=SUCCESS method=TC_005_VerifySearchForItemName.verifyItemSearchInGridViewForMyRequest()[pri:0, instance:com.c2info.RMS_HomePageTCs.TC_005_VerifySearchForItemName@2893de87] output=<a href='E:\workspace\com.c2info.RMS\src\main\java\com\c2info\RMS_Screenshots\SuccessScreenshots\verifyItemSearchInGridViewForMyRequest_2018_06_178_12_06_844.png' ><img src = 'E:\workspace\com.c2info.RMS\src\main\java\com\c2info\RMS_Screenshots\SuccessScreenshots\verifyItemSearchInGridViewForMyRequest_2018_06_178_12_06_844.png' hieght='100' width='100' /></a>]]]>
              </value>
            </param>
          </params>
          <reporter-output>
          </reporter-output>
        </test-method> <!-- afterMethod -->
        <test-method status="SKIP" signature="beforeMethod(java.lang.reflect.Method)[pri:0, instance:com.c2info.RMS_HomePageTCs.TC_005_VerifySearchForItemName@2893de87]" name="beforeMethod" is-config="true" duration-ms="0" started-at="2018-06-27T12:36:09Z" finished-at="2018-06-27T12:36:09Z">
          <reporter-output>
          </reporter-output>
        </test-method> <!-- beforeMethod -->
        <test-method status="SKIP" signature="verifyItemSearchInListViewForMyRequest()[pri:1, instance:com.c2info.RMS_HomePageTCs.TC_005_VerifySearchForItemName@2893de87]" name="verifyItemSearchInListViewForMyRequest" duration-ms="0" started-at="2018-06-27T12:36:09Z" finished-at="2018-06-27T12:36:09Z">
          <exception class="org.openqa.selenium.remote.SessionNotFoundException">
            <message>
              <![CDATA[no such session
  (Driver info: chromedriver=2.37.544315 (730aa6a5fdba159ac9f4c1e8cbc59bf1b5ce12b7),platform=Windows NT 10.0.17134 x86_64) (WARNING: The server did not provide any stacktrace information)
Command duration or timeout: 1 milliseconds
Build info: version: '2.53.1', revision: 'a36b8b1cd5757287168e54b817830adce9b0158d', time: '2016-06-30 19:26:09'
System info: host: 'ChethanBidare-pc', ip: '172.16.18.209', os.name: 'Windows 10', os.arch: 'amd64', os.version: '10.0', java.version: '1.8.0_144'
Driver info: org.openqa.selenium.chrome.ChromeDriver
Capabilities [{applicationCacheEnabled=false, rotatable=false, mobileEmulationEnabled=false, networkConnectionEnabled=false, chrome={chromedriverVersion=2.37.544315 (730aa6a5fdba159ac9f4c1e8cbc59bf1b5ce12b7), userDataDir=C:\Users\User1\AppData\Local\Temp\scoped_dir6156_25596}, takesHeapSnapshot=true, pageLoadStrategy=normal, databaseEnabled=false, handlesAlerts=true, hasTouchScreen=false, version=67.0.3396.99, platform=XP, browserConnectionEnabled=false, nativeEvents=true, acceptSslCerts=false, acceptInsecureCerts=false, locationContextEnabled=true, webStorageEnabled=true, browserName=chrome, takesScreenshot=true, javascriptEnabled=true, cssSelectorsEnabled=true, setWindowRect=true, unexpectedAlertBehaviour=}]
Session ID: 6b4048fd3e89e9e48273265fa7f15292]]>
            </message>
            <full-stacktrace>
              <![CDATA[org.openqa.selenium.remote.SessionNotFoundException: no such session
  (Driver info: chromedriver=2.37.544315 (730aa6a5fdba159ac9f4c1e8cbc59bf1b5ce12b7),platform=Windows NT 10.0.17134 x86_64) (WARNING: The server did not provide any stacktrace information)
Command duration or timeout: 1 milliseconds
Build info: version: '2.53.1', revision: 'a36b8b1cd5757287168e54b817830adce9b0158d', time: '2016-06-30 19:26:09'
System info: host: 'ChethanBidare-pc', ip: '172.16.18.209', os.name: 'Windows 10', os.arch: 'amd64', os.version: '10.0', java.version: '1.8.0_144'
Driver info: org.openqa.selenium.chrome.ChromeDriver
Capabilities [{applicationCacheEnabled=false, rotatable=false, mobileEmulationEnabled=false, networkConnectionEnabled=false, chrome={chromedriverVersion=2.37.544315 (730aa6a5fdba159ac9f4c1e8cbc59bf1b5ce12b7), userDataDir=C:\Users\User1\AppData\Local\Temp\scoped_dir6156_25596}, takesHeapSnapshot=true, pageLoadStrategy=normal, databaseEnabled=false, handlesAlerts=true, hasTouchScreen=false, version=67.0.3396.99, platform=XP, browserConnectionEnabled=false, nativeEvents=true, acceptSslCerts=false, acceptInsecureCerts=false, locationContextEnabled=true, webStorageEnabled=true, browserName=chrome, takesScreenshot=true, javascriptEnabled=true, cssSelectorsEnabled=true, setWindowRect=true, unexpectedAlertBehaviour=}]
Session ID: 6b4048fd3e89e9e48273265fa7f15292
	at sun.reflect.NativeConstructorAccessorImpl.newInstance0(Native Method)
	at sun.reflect.NativeConstructorAccessorImpl.newInstance(NativeConstructorAccessorImpl.java:62)
	at sun.reflect.DelegatingConstructorAccessorImpl.newInstance(DelegatingConstructorAccessorImpl.java:45)
	at java.lang.reflect.Constructor.newInstance(Constructor.java:423)
	at org.openqa.selenium.remote.ErrorHandler.createThrowable(ErrorHandler.java:206)
	at org.openqa.selenium.remote.ErrorHandler.throwIfResponseFailed(ErrorHandler.java:158)
	at org.openqa.selenium.remote.RemoteWebDriver.execute(RemoteWebDriver.java:678)
	at org.openqa.selenium.remote.RemoteWebDriver.execute(RemoteWebDriver.java:701)
	at org.openqa.selenium.remote.RemoteWebDriver.close(RemoteWebDriver.java:521)
	at com.c2info.RMS_TestBase.TestBase.endTest(TestBase.java:268)
	at sun.reflect.GeneratedMethodAccessor50.invoke(Unknown Source)
	at sun.reflect.DelegatingMethodAccessorImpl.invoke(DelegatingMethodAccessorImpl.java:43)
	at java.lang.reflect.Method.invoke(Method.java:498)
	at org.testng.internal.MethodInvocationHelper.invokeMethod(MethodInvocationHelper.java:108)
	at org.testng.internal.Invoker.invokeConfigurationMethod(Invoker.java:523)
	at org.testng.internal.Invoker.invokeConfigurations(Invoker.java:224)
	at org.testng.internal.Invoker.invokeConfigurations(Invoker.java:146)
	at org.testng.internal.TestMethodWorker.invokeAfterClassMethods(TestMethodWorker.java:211)
	at org.testng.internal.TestMethodWorker.run(TestMethodWorker.java:111)
	at org.testng.TestRunner.privateRun(TestRunner.java:776)
	at org.testng.TestRunner.run(TestRunner.java:634)
	at org.testng.SuiteRunner.runTest(SuiteRunner.java:425)
	at org.testng.SuiteRunner.runSequentially(SuiteRunner.java:420)
	at org.testng.SuiteRunner.privateRun(SuiteRunner.java:385)
	at org.testng.SuiteRunner.run(SuiteRunner.java:334)
	at org.testng.SuiteRunnerWorker.runSuite(SuiteRunnerWorker.java:52)
	at org.testng.SuiteRunnerWorker.run(SuiteRunnerWorker.java:86)
	at org.testng.TestNG.runSuitesSequentially(TestNG.java:1318)
	at org.testng.TestNG.runSuitesLocally(TestNG.java:1243)
	at org.testng.TestNG.runSuites(TestNG.java:1161)
	at org.testng.TestNG.run(TestNG.java:1129)
	at org.testng.remote.AbstractRemoteTestNG.run(AbstractRemoteTestNG.java:114)
	at org.testng.remote.RemoteTestNG.initAndRun(RemoteTestNG.java:251)
	at org.testng.remote.RemoteTestNG.main(RemoteTestNG.java:77)
]]>
            </full-stacktrace>
          </exception> <!-- org.openqa.selenium.remote.SessionNotFoundException -->
          <reporter-output>
          </reporter-output>
        </test-method> <!-- verifyItemSearchInListViewForMyRequest -->
        <test-method status="SKIP" signature="afterMethod(org.testng.ITestResult)[pri:0, instance:com.c2info.RMS_HomePageTCs.TC_005_VerifySearchForItemName@2893de87]" name="afterMethod" is-config="true" duration-ms="0" started-at="2018-06-27T12:36:09Z" finished-at="2018-06-27T12:36:09Z">
          <reporter-output>
          </reporter-output>
        </test-method> <!-- afterMethod -->
        <test-method status="FAIL" signature="endTest()[pri:0, instance:com.c2info.RMS_HomePageTCs.TC_005_VerifySearchForItemName@2893de87]" name="endTest" is-config="true" duration-ms="2" started-at="2018-06-27T12:36:09Z" finished-at="2018-06-27T12:36:09Z">
          <exception class="org.openqa.selenium.remote.SessionNotFoundException">
            <message>
              <![CDATA[no such session
  (Driver info: chromedriver=2.37.544315 (730aa6a5fdba159ac9f4c1e8cbc59bf1b5ce12b7),platform=Windows NT 10.0.17134 x86_64) (WARNING: The server did not provide any stacktrace information)
Command duration or timeout: 2 milliseconds
Build info: version: '2.53.1', revision: 'a36b8b1cd5757287168e54b817830adce9b0158d', time: '2016-06-30 19:26:09'
System info: host: 'ChethanBidare-pc', ip: '172.16.18.209', os.name: 'Windows 10', os.arch: 'amd64', os.version: '10.0', java.version: '1.8.0_144'
Driver info: org.openqa.selenium.chrome.ChromeDriver
Capabilities [{applicationCacheEnabled=false, rotatable=false, mobileEmulationEnabled=false, networkConnectionEnabled=false, chrome={chromedriverVersion=2.37.544315 (730aa6a5fdba159ac9f4c1e8cbc59bf1b5ce12b7), userDataDir=C:\Users\User1\AppData\Local\Temp\scoped_dir6156_25596}, takesHeapSnapshot=true, pageLoadStrategy=normal, databaseEnabled=false, handlesAlerts=true, hasTouchScreen=false, version=67.0.3396.99, platform=XP, browserConnectionEnabled=false, nativeEvents=true, acceptSslCerts=false, acceptInsecureCerts=false, locationContextEnabled=true, webStorageEnabled=true, browserName=chrome, takesScreenshot=true, javascriptEnabled=true, cssSelectorsEnabled=true, setWindowRect=true, unexpectedAlertBehaviour=}]
Session ID: 6b4048fd3e89e9e48273265fa7f15292]]>
            </message>
            <full-stacktrace>
              <![CDATA[org.openqa.selenium.remote.SessionNotFoundException: no such session
  (Driver info: chromedriver=2.37.544315 (730aa6a5fdba159ac9f4c1e8cbc59bf1b5ce12b7),platform=Windows NT 10.0.17134 x86_64) (WARNING: The server did not provide any stacktrace information)
Command duration or timeout: 2 milliseconds
Build info: version: '2.53.1', revision: 'a36b8b1cd5757287168e54b817830adce9b0158d', time: '2016-06-30 19:26:09'
System info: host: 'ChethanBidare-pc', ip: '172.16.18.209', os.name: 'Windows 10', os.arch: 'amd64', os.version: '10.0', java.version: '1.8.0_144'
Driver info: org.openqa.selenium.chrome.ChromeDriver
Capabilities [{applicationCacheEnabled=false, rotatable=false, mobileEmulationEnabled=false, networkConnectionEnabled=false, chrome={chromedriverVersion=2.37.544315 (730aa6a5fdba159ac9f4c1e8cbc59bf1b5ce12b7), userDataDir=C:\Users\User1\AppData\Local\Temp\scoped_dir6156_25596}, takesHeapSnapshot=true, pageLoadStrategy=normal, databaseEnabled=false, handlesAlerts=true, hasTouchScreen=false, version=67.0.3396.99, platform=XP, browserConnectionEnabled=false, nativeEvents=true, acceptSslCerts=false, acceptInsecureCerts=false, locationContextEnabled=true, webStorageEnabled=true, browserName=chrome, takesScreenshot=true, javascriptEnabled=true, cssSelectorsEnabled=true, setWindowRect=true, unexpectedAlertBehaviour=}]
Session ID: 6b4048fd3e89e9e48273265fa7f15292
	at sun.reflect.NativeConstructorAccessorImpl.newInstance0(Native Method)
	at sun.reflect.NativeConstructorAccessorImpl.newInstance(NativeConstructorAccessorImpl.java:62)
	at sun.reflect.DelegatingConstructorAccessorImpl.newInstance(DelegatingConstructorAccessorImpl.java:45)
	at java.lang.reflect.Constructor.newInstance(Constructor.java:423)
	at org.openqa.selenium.remote.ErrorHandler.createThrowable(ErrorHandler.java:206)
	at org.openqa.selenium.remote.ErrorHandler.throwIfResponseFailed(ErrorHandler.java:158)
	at org.openqa.selenium.remote.RemoteWebDriver.execute(RemoteWebDriver.java:678)
	at org.openqa.selenium.remote.RemoteWebDriver.execute(RemoteWebDriver.java:701)
	at org.openqa.selenium.remote.RemoteWebDriver.close(RemoteWebDriver.java:521)
	at com.c2info.RMS_TestBase.TestBase.endTest(TestBase.java:268)
	at sun.reflect.GeneratedMethodAccessor50.invoke(Unknown Source)
	at sun.reflect.DelegatingMethodAccessorImpl.invoke(DelegatingMethodAccessorImpl.java:43)
	at java.lang.reflect.Method.invoke(Method.java:498)
	at org.testng.internal.MethodInvocationHelper.invokeMethod(MethodInvocationHelper.java:108)
	at org.testng.internal.Invoker.invokeConfigurationMethod(Invoker.java:523)
	at org.testng.internal.Invoker.invokeConfigurations(Invoker.java:224)
	at org.testng.internal.Invoker.invokeConfigurations(Invoker.java:146)
	at org.testng.internal.TestMethodWorker.invokeAfterClassMethods(TestMethodWorker.java:211)
	at org.testng.internal.TestMethodWorker.run(TestMethodWorker.java:111)
	at org.testng.TestRunner.privateRun(TestRunner.java:776)
	at org.testng.TestRunner.run(TestRunner.java:634)
	at org.testng.SuiteRunner.runTest(SuiteRunner.java:425)
	at org.testng.SuiteRunner.runSequentially(SuiteRunner.java:420)
	at org.testng.SuiteRunner.privateRun(SuiteRunner.java:385)
	at org.testng.SuiteRunner.run(SuiteRunner.java:334)
	at org.testng.SuiteRunnerWorker.runSuite(SuiteRunnerWorker.java:52)
	at org.testng.SuiteRunnerWorker.run(SuiteRunnerWorker.java:86)
	at org.testng.TestNG.runSuitesSequentially(TestNG.java:1318)
	at org.testng.TestNG.runSuitesLocally(TestNG.java:1243)
	at org.testng.TestNG.runSuites(TestNG.java:1161)
	at org.testng.TestNG.run(TestNG.java:1129)
	at org.testng.remote.AbstractRemoteTestNG.run(AbstractRemoteTestNG.java:114)
	at org.testng.remote.RemoteTestNG.initAndRun(RemoteTestNG.java:251)
	at org.testng.remote.RemoteTestNG.main(RemoteTestNG.java:77)
]]>
            </full-stacktrace>
          </exception> <!-- org.openqa.selenium.remote.SessionNotFoundException -->
          <reporter-output>
          </reporter-output>
        </test-method> <!-- endTest -->
      </class> <!-- com.c2info.RMS_HomePageTCs.TC_005_VerifySearchForItemName -->
      <class name="com.c2info.RMS_HomePageTCs.TC_002_Check">
        <test-method status="PASS" signature="setup()[pri:0, instance:com.c2info.RMS_HomePageTCs.TC_002_Check@55ca8de8]" name="setup" is-config="true" duration-ms="10144" started-at="2018-06-27T12:02:51Z" finished-at="2018-06-27T12:03:01Z">
          <reporter-output>
          </reporter-output>
        </test-method> <!-- setup -->
        <test-method status="PASS" signature="beforeMethod(java.lang.reflect.Method)[pri:0, instance:com.c2info.RMS_HomePageTCs.TC_002_Check@55ca8de8]" name="beforeMethod" is-config="true" duration-ms="0" started-at="2018-06-27T12:03:01Z" finished-at="2018-06-27T12:03:01Z">
          <params>
            <param index="0">
              <value>
                <![CDATA[public void com.c2info.RMS_HomePageTCs.TC_002_Check.check() throws java.lang.InterruptedException]]>
              </value>
            </param>
          </params>
          <reporter-output>
          </reporter-output>
        </test-method> <!-- beforeMethod -->
        <test-method status="PASS" signature="check()[pri:0, instance:com.c2info.RMS_HomePageTCs.TC_002_Check@55ca8de8]" name="check" duration-ms="5001" started-at="2018-06-27T12:03:01Z" finished-at="2018-06-27T12:03:06Z">
          <reporter-output>
            <line>
              <![CDATA[<a href='E:\workspace\com.c2info.RMS\src\main\java\com\c2info\RMS_Screenshots\SuccessScreenshots\check_2018_06_178_12_06_298.png' ><img src = 'E:\workspace\com.c2info.RMS\src\main\java\com\c2info\RMS_Screenshots\SuccessScreenshots\check_2018_06_178_12_06_298.png' hieght='100' width='100' /></a>]]>
            </line>
          </reporter-output>
        </test-method> <!-- check -->
        <test-method status="PASS" signature="afterMethod(org.testng.ITestResult)[pri:0, instance:com.c2info.RMS_HomePageTCs.TC_002_Check@55ca8de8]" name="afterMethod" is-config="true" duration-ms="0" started-at="2018-06-27T12:03:06Z" finished-at="2018-06-27T12:03:06Z">
          <params>
            <param index="0">
              <value>
                <![CDATA[[TestResult name=check status=SUCCESS method=TC_002_Check.check()[pri:0, instance:com.c2info.RMS_HomePageTCs.TC_002_Check@55ca8de8] output=<a href='E:\workspace\com.c2info.RMS\src\main\java\com\c2info\RMS_Screenshots\SuccessScreenshots\check_2018_06_178_12_06_298.png' ><img src = 'E:\workspace\com.c2info.RMS\src\main\java\com\c2info\RMS_Screenshots\SuccessScreenshots\check_2018_06_178_12_06_298.png' hieght='100' width='100' /></a>]]]>
              </value>
            </param>
          </params>
          <reporter-output>
          </reporter-output>
        </test-method> <!-- afterMethod -->
        <test-method status="PASS" signature="endTest()[pri:0, instance:com.c2info.RMS_HomePageTCs.TC_002_Check@55ca8de8]" name="endTest" is-config="true" duration-ms="2358" started-at="2018-06-27T12:03:06Z" finished-at="2018-06-27T12:03:08Z">
          <reporter-output>
          </reporter-output>
        </test-method> <!-- endTest -->
      </class> <!-- com.c2info.RMS_HomePageTCs.TC_002_Check -->
      <class name="com.c2info.RMS_NewRequestTCs.TC006_VerifyPriceFieldAfterUpdate">
        <test-method status="PASS" signature="setup()[pri:0, instance:com.c2info.RMS_NewRequestTCs.TC006_VerifyPriceFieldAfterUpdate@20d3d15a]" name="setup" is-config="true" duration-ms="10801" started-at="2018-06-27T12:01:48Z" finished-at="2018-06-27T12:01:59Z">
          <reporter-output>
          </reporter-output>
        </test-method> <!-- setup -->
        <test-method status="PASS" signature="beforeMethod(java.lang.reflect.Method)[pri:0, instance:com.c2info.RMS_NewRequestTCs.TC006_VerifyPriceFieldAfterUpdate@20d3d15a]" name="beforeMethod" is-config="true" duration-ms="0" started-at="2018-06-27T12:01:59Z" finished-at="2018-06-27T12:01:59Z">
          <params>
            <param index="0">
              <value>
                <![CDATA[public void com.c2info.RMS_NewRequestTCs.TC006_VerifyPriceFieldAfterUpdate.verifyPriceFieldAfterUpdate() throws java.lang.InterruptedException]]>
              </value>
            </param>
          </params>
          <reporter-output>
          </reporter-output>
        </test-method> <!-- beforeMethod -->
        <test-method status="FAIL" signature="verifyPriceFieldAfterUpdate()[pri:0, instance:com.c2info.RMS_NewRequestTCs.TC006_VerifyPriceFieldAfterUpdate@20d3d15a]" name="verifyPriceFieldAfterUpdate" duration-ms="12531" started-at="2018-06-27T12:01:59Z" finished-at="2018-06-27T12:02:12Z">
          <exception class="org.openqa.selenium.InvalidElementStateException">
            <message>
              <![CDATA[invalid element state: Element is not currently interactable and may not be manipulated
  (Session info: chrome=67.0.3396.99)
  (Driver info: chromedriver=2.37.544315 (730aa6a5fdba159ac9f4c1e8cbc59bf1b5ce12b7),platform=Windows NT 10.0.17134 x86_64) (WARNING: The server did not provide any stacktrace information)
Command duration or timeout: 29 milliseconds
Build info: version: '2.53.1', revision: 'a36b8b1cd5757287168e54b817830adce9b0158d', time: '2016-06-30 19:26:09'
System info: host: 'ChethanBidare-pc', ip: '172.16.18.209', os.name: 'Windows 10', os.arch: 'amd64', os.version: '10.0', java.version: '1.8.0_144'
Driver info: org.openqa.selenium.chrome.ChromeDriver
Capabilities [{applicationCacheEnabled=false, rotatable=false, mobileEmulationEnabled=false, networkConnectionEnabled=false, chrome={chromedriverVersion=2.37.544315 (730aa6a5fdba159ac9f4c1e8cbc59bf1b5ce12b7), userDataDir=C:\Users\User1\AppData\Local\Temp\scoped_dir17228_9873}, takesHeapSnapshot=true, pageLoadStrategy=normal, databaseEnabled=false, handlesAlerts=true, hasTouchScreen=false, version=67.0.3396.99, platform=XP, browserConnectionEnabled=false, nativeEvents=true, acceptSslCerts=false, acceptInsecureCerts=false, locationContextEnabled=true, webStorageEnabled=true, browserName=chrome, takesScreenshot=true, javascriptEnabled=true, cssSelectorsEnabled=true, setWindowRect=true, unexpectedAlertBehaviour=}]
Session ID: c128489e972edaede98ffaa4487cebae]]>
            </message>
            <full-stacktrace>
              <![CDATA[org.openqa.selenium.InvalidElementStateException: invalid element state: Element is not currently interactable and may not be manipulated
  (Session info: chrome=67.0.3396.99)
  (Driver info: chromedriver=2.37.544315 (730aa6a5fdba159ac9f4c1e8cbc59bf1b5ce12b7),platform=Windows NT 10.0.17134 x86_64) (WARNING: The server did not provide any stacktrace information)
Command duration or timeout: 29 milliseconds
Build info: version: '2.53.1', revision: 'a36b8b1cd5757287168e54b817830adce9b0158d', time: '2016-06-30 19:26:09'
System info: host: 'ChethanBidare-pc', ip: '172.16.18.209', os.name: 'Windows 10', os.arch: 'amd64', os.version: '10.0', java.version: '1.8.0_144'
Driver info: org.openqa.selenium.chrome.ChromeDriver
Capabilities [{applicationCacheEnabled=false, rotatable=false, mobileEmulationEnabled=false, networkConnectionEnabled=false, chrome={chromedriverVersion=2.37.544315 (730aa6a5fdba159ac9f4c1e8cbc59bf1b5ce12b7), userDataDir=C:\Users\User1\AppData\Local\Temp\scoped_dir17228_9873}, takesHeapSnapshot=true, pageLoadStrategy=normal, databaseEnabled=false, handlesAlerts=true, hasTouchScreen=false, version=67.0.3396.99, platform=XP, browserConnectionEnabled=false, nativeEvents=true, acceptSslCerts=false, acceptInsecureCerts=false, locationContextEnabled=true, webStorageEnabled=true, browserName=chrome, takesScreenshot=true, javascriptEnabled=true, cssSelectorsEnabled=true, setWindowRect=true, unexpectedAlertBehaviour=}]
Session ID: c128489e972edaede98ffaa4487cebae
	at sun.reflect.NativeConstructorAccessorImpl.newInstance0(Native Method)
	at sun.reflect.NativeConstructorAccessorImpl.newInstance(NativeConstructorAccessorImpl.java:62)
	at sun.reflect.DelegatingConstructorAccessorImpl.newInstance(DelegatingConstructorAccessorImpl.java:45)
	at java.lang.reflect.Constructor.newInstance(Constructor.java:423)
	at org.openqa.selenium.remote.ErrorHandler.createThrowable(ErrorHandler.java:206)
	at org.openqa.selenium.remote.ErrorHandler.throwIfResponseFailed(ErrorHandler.java:158)
	at org.openqa.selenium.remote.RemoteWebDriver.execute(RemoteWebDriver.java:678)
	at org.openqa.selenium.remote.RemoteWebElement.execute(RemoteWebElement.java:327)
	at org.openqa.selenium.remote.RemoteWebElement.clear(RemoteWebElement.java:140)
	at sun.reflect.NativeMethodAccessorImpl.invoke0(Native Method)
	at sun.reflect.NativeMethodAccessorImpl.invoke(NativeMethodAccessorImpl.java:62)
	at sun.reflect.DelegatingMethodAccessorImpl.invoke(DelegatingMethodAccessorImpl.java:43)
	at java.lang.reflect.Method.invoke(Method.java:498)
	at org.openqa.selenium.support.pagefactory.internal.LocatingElementHandler.invoke(LocatingElementHandler.java:51)
	at com.sun.proxy.$Proxy9.clear(Unknown Source)
	at com.c2info.RMS_UIActions.NewRequestPage.enterAmount(NewRequestPage.java:177)
	at com.c2info.RMS_NewRequestTCs.TC006_VerifyPriceFieldAfterUpdate.verifyPriceFieldAfterUpdate(TC006_VerifyPriceFieldAfterUpdate.java:42)
	at sun.reflect.NativeMethodAccessorImpl.invoke0(Native Method)
	at sun.reflect.NativeMethodAccessorImpl.invoke(NativeMethodAccessorImpl.java:62)
	at sun.reflect.DelegatingMethodAccessorImpl.invoke(DelegatingMethodAccessorImpl.java:43)
	at java.lang.reflect.Method.invoke(Method.java:498)
	at org.testng.internal.MethodInvocationHelper.invokeMethod(MethodInvocationHelper.java:108)
	at org.testng.internal.Invoker.invokeMethod(Invoker.java:669)
	at org.testng.internal.Invoker.invokeTestMethod(Invoker.java:877)
	at org.testng.internal.Invoker.invokeTestMethods(Invoker.java:1201)
	at org.testng.internal.TestMethodWorker.invokeTestMethods(TestMethodWorker.java:125)
	at org.testng.internal.TestMethodWorker.run(TestMethodWorker.java:109)
	at org.testng.TestRunner.privateRun(TestRunner.java:776)
	at org.testng.TestRunner.run(TestRunner.java:634)
	at org.testng.SuiteRunner.runTest(SuiteRunner.java:425)
	at org.testng.SuiteRunner.runSequentially(SuiteRunner.java:420)
	at org.testng.SuiteRunner.privateRun(SuiteRunner.java:385)
	at org.testng.SuiteRunner.run(SuiteRunner.java:334)
	at org.testng.SuiteRunnerWorker.runSuite(SuiteRunnerWorker.java:52)
	at org.testng.SuiteRunnerWorker.run(SuiteRunnerWorker.java:86)
	at org.testng.TestNG.runSuitesSequentially(TestNG.java:1318)
	at org.testng.TestNG.runSuitesLocally(TestNG.java:1243)
	at org.testng.TestNG.runSuites(TestNG.java:1161)
	at org.testng.TestNG.run(TestNG.java:1129)
	at org.testng.remote.AbstractRemoteTestNG.run(AbstractRemoteTestNG.java:114)
	at org.testng.remote.RemoteTestNG.initAndRun(RemoteTestNG.java:251)
	at org.testng.remote.RemoteTestNG.main(RemoteTestNG.java:77)
]]>
            </full-stacktrace>
          </exception> <!-- org.openqa.selenium.InvalidElementStateException -->
          <reporter-output>
            <line>
              <![CDATA[<a href='E:\workspace\com.c2info.RMS\src\main\java\com\c2info\RMS_Screenshots\FailureScreenshots\verifyPriceFieldAfterUpdate_2018_06_178_12_06_57.png' ><img src = 'E:\workspace\com.c2info.RMS\src\main\java\com\c2info\RMS_Screenshots\FailureScreenshots\verifyPriceFieldAfterUpdate_2018_06_178_12_06_57.png' hieght='100' width='100' /></a>]]>
            </line>
          </reporter-output>
        </test-method> <!-- verifyPriceFieldAfterUpdate -->
        <test-method status="PASS" signature="afterMethod(org.testng.ITestResult)[pri:0, instance:com.c2info.RMS_NewRequestTCs.TC006_VerifyPriceFieldAfterUpdate@20d3d15a]" name="afterMethod" is-config="true" duration-ms="302" started-at="2018-06-27T12:02:12Z" finished-at="2018-06-27T12:02:12Z">
          <params>
            <param index="0">
              <value>
                <![CDATA[[TestResult name=verifyPriceFieldAfterUpdate status=FAILURE method=TC006_VerifyPriceFieldAfterUpdate.verifyPriceFieldAfterUpdate()[pri:0, instance:com.c2info.RMS_NewRequestTCs.TC006_VerifyPriceFieldAfterUpdate@20d3d15a] output=<a href='E:\workspace\com.c2info.RMS\src\main\java\com\c2info\RMS_Screenshots\FailureScreenshots\verifyPriceFieldAfterUpdate_2018_06_178_12_06_57.png' ><img src = 'E:\workspace\com.c2info.RMS\src\main\java\com\c2info\RMS_Screenshots\FailureScreenshots\verifyPriceFieldAfterUpdate_2018_06_178_12_06_57.png' hieght='100' width='100' /></a>]]]>
              </value>
            </param>
          </params>
          <reporter-output>
          </reporter-output>
        </test-method> <!-- afterMethod -->
        <test-method status="PASS" signature="endTest()[pri:0, instance:com.c2info.RMS_NewRequestTCs.TC006_VerifyPriceFieldAfterUpdate@20d3d15a]" name="endTest" is-config="true" duration-ms="85" started-at="2018-06-27T12:02:12Z" finished-at="2018-06-27T12:02:12Z">
          <reporter-output>
          </reporter-output>
        </test-method> <!-- endTest -->
      </class> <!-- com.c2info.RMS_NewRequestTCs.TC006_VerifyPriceFieldAfterUpdate -->
      <class name="com.c2info.RMS_HomePageTCs.TC_001_VerifyLoginLogOut">
        <test-method status="PASS" signature="setup()[pri:0, instance:com.c2info.RMS_HomePageTCs.TC_001_VerifyLoginLogOut@214b199c]" name="setup" is-config="true" duration-ms="5469" started-at="2018-06-27T12:01:36Z" finished-at="2018-06-27T12:01:42Z">
          <reporter-output>
          </reporter-output>
        </test-method> <!-- setup -->
        <test-method status="PASS" signature="beforeMethod(java.lang.reflect.Method)[pri:0, instance:com.c2info.RMS_HomePageTCs.TC_001_VerifyLoginLogOut@214b199c]" name="beforeMethod" is-config="true" duration-ms="1" started-at="2018-06-27T12:01:42Z" finished-at="2018-06-27T12:01:42Z">
          <params>
            <param index="0">
              <value>
                <![CDATA[public void com.c2info.RMS_HomePageTCs.TC_001_VerifyLoginLogOut.verifyLogin()]]>
              </value>
            </param>
          </params>
          <reporter-output>
          </reporter-output>
        </test-method> <!-- beforeMethod -->
        <test-method status="PASS" signature="verifyLogin()[pri:0, instance:com.c2info.RMS_HomePageTCs.TC_001_VerifyLoginLogOut@214b199c]" name="verifyLogin" duration-ms="5902" started-at="2018-06-27T12:01:42Z" finished-at="2018-06-27T12:01:48Z">
          <reporter-output>
            <line>
              <![CDATA[<a href='E:\workspace\com.c2info.RMS\src\main\java\com\c2info\RMS_Screenshots\SuccessScreenshots\verifyLogin_2018_06_178_12_06_367.png' ><img src = 'E:\workspace\com.c2info.RMS\src\main\java\com\c2info\RMS_Screenshots\SuccessScreenshots\verifyLogin_2018_06_178_12_06_367.png' hieght='100' width='100' /></a>]]>
            </line>
          </reporter-output>
        </test-method> <!-- verifyLogin -->
        <test-method status="PASS" signature="afterMethod(org.testng.ITestResult)[pri:0, instance:com.c2info.RMS_HomePageTCs.TC_001_VerifyLoginLogOut@214b199c]" name="afterMethod" is-config="true" duration-ms="0" started-at="2018-06-27T12:01:48Z" finished-at="2018-06-27T12:01:48Z">
          <params>
            <param index="0">
              <value>
                <![CDATA[[TestResult name=verifyLogin status=SUCCESS method=TC_001_VerifyLoginLogOut.verifyLogin()[pri:0, instance:com.c2info.RMS_HomePageTCs.TC_001_VerifyLoginLogOut@214b199c] output=<a href='E:\workspace\com.c2info.RMS\src\main\java\com\c2info\RMS_Screenshots\SuccessScreenshots\verifyLogin_2018_06_178_12_06_367.png' ><img src = 'E:\workspace\com.c2info.RMS\src\main\java\com\c2info\RMS_Screenshots\SuccessScreenshots\verifyLogin_2018_06_178_12_06_367.png' hieght='100' width='100' /></a>]]]>
              </value>
            </param>
          </params>
          <reporter-output>
          </reporter-output>
        </test-method> <!-- afterMethod -->
        <test-method status="PASS" signature="beforeMethod(java.lang.reflect.Method)[pri:0, instance:com.c2info.RMS_HomePageTCs.TC_001_VerifyLoginLogOut@214b199c]" name="beforeMethod" is-config="true" duration-ms="0" started-at="2018-06-27T12:36:09Z" finished-at="2018-06-27T12:36:09Z">
          <params>
            <param index="0">
              <value>
                <![CDATA[public void com.c2info.RMS_HomePageTCs.TC_001_VerifyLoginLogOut.verifyLogOut() throws java.lang.InterruptedException]]>
              </value>
            </param>
          </params>
          <reporter-output>
          </reporter-output>
        </test-method> <!-- beforeMethod -->
        <test-method status="FAIL" signature="verifyLogOut()[pri:1, instance:com.c2info.RMS_HomePageTCs.TC_001_VerifyLoginLogOut@214b199c]" name="verifyLogOut" duration-ms="12" started-at="2018-06-27T12:36:09Z" finished-at="2018-06-27T12:36:09Z">
          <exception class="org.openqa.selenium.remote.SessionNotFoundException">
            <message>
              <![CDATA[no such session
  (Driver info: chromedriver=2.37.544315 (730aa6a5fdba159ac9f4c1e8cbc59bf1b5ce12b7),platform=Windows NT 10.0.17134 x86_64) (WARNING: The server did not provide any stacktrace information)
Command duration or timeout: 11 milliseconds
Build info: version: '2.53.1', revision: 'a36b8b1cd5757287168e54b817830adce9b0158d', time: '2016-06-30 19:26:09'
System info: host: 'ChethanBidare-pc', ip: '172.16.18.209', os.name: 'Windows 10', os.arch: 'amd64', os.version: '10.0', java.version: '1.8.0_144'
Driver info: org.openqa.selenium.chrome.ChromeDriver
Capabilities [{applicationCacheEnabled=false, rotatable=false, mobileEmulationEnabled=false, networkConnectionEnabled=false, chrome={chromedriverVersion=2.37.544315 (730aa6a5fdba159ac9f4c1e8cbc59bf1b5ce12b7), userDataDir=C:\Users\User1\AppData\Local\Temp\scoped_dir6156_25596}, takesHeapSnapshot=true, pageLoadStrategy=normal, databaseEnabled=false, handlesAlerts=true, hasTouchScreen=false, version=67.0.3396.99, platform=XP, browserConnectionEnabled=false, nativeEvents=true, acceptSslCerts=false, acceptInsecureCerts=false, locationContextEnabled=true, webStorageEnabled=true, browserName=chrome, takesScreenshot=true, javascriptEnabled=true, cssSelectorsEnabled=true, setWindowRect=true, unexpectedAlertBehaviour=}]
Session ID: 6b4048fd3e89e9e48273265fa7f15292
*** Element info: {Using=tag name, value=li}]]>
            </message>
            <full-stacktrace>
              <![CDATA[org.openqa.selenium.remote.SessionNotFoundException: no such session
  (Driver info: chromedriver=2.37.544315 (730aa6a5fdba159ac9f4c1e8cbc59bf1b5ce12b7),platform=Windows NT 10.0.17134 x86_64) (WARNING: The server did not provide any stacktrace information)
Command duration or timeout: 11 milliseconds
Build info: version: '2.53.1', revision: 'a36b8b1cd5757287168e54b817830adce9b0158d', time: '2016-06-30 19:26:09'
System info: host: 'ChethanBidare-pc', ip: '172.16.18.209', os.name: 'Windows 10', os.arch: 'amd64', os.version: '10.0', java.version: '1.8.0_144'
Driver info: org.openqa.selenium.chrome.ChromeDriver
Capabilities [{applicationCacheEnabled=false, rotatable=false, mobileEmulationEnabled=false, networkConnectionEnabled=false, chrome={chromedriverVersion=2.37.544315 (730aa6a5fdba159ac9f4c1e8cbc59bf1b5ce12b7), userDataDir=C:\Users\User1\AppData\Local\Temp\scoped_dir6156_25596}, takesHeapSnapshot=true, pageLoadStrategy=normal, databaseEnabled=false, handlesAlerts=true, hasTouchScreen=false, version=67.0.3396.99, platform=XP, browserConnectionEnabled=false, nativeEvents=true, acceptSslCerts=false, acceptInsecureCerts=false, locationContextEnabled=true, webStorageEnabled=true, browserName=chrome, takesScreenshot=true, javascriptEnabled=true, cssSelectorsEnabled=true, setWindowRect=true, unexpectedAlertBehaviour=}]
Session ID: 6b4048fd3e89e9e48273265fa7f15292
*** Element info: {Using=tag name, value=li}
	at sun.reflect.NativeConstructorAccessorImpl.newInstance0(Native Method)
	at sun.reflect.NativeConstructorAccessorImpl.newInstance(NativeConstructorAccessorImpl.java:62)
	at sun.reflect.DelegatingConstructorAccessorImpl.newInstance(DelegatingConstructorAccessorImpl.java:45)
	at java.lang.reflect.Constructor.newInstance(Constructor.java:423)
	at org.openqa.selenium.remote.ErrorHandler.createThrowable(ErrorHandler.java:206)
	at org.openqa.selenium.remote.ErrorHandler.throwIfResponseFailed(ErrorHandler.java:158)
	at org.openqa.selenium.remote.RemoteWebDriver.execute(RemoteWebDriver.java:678)
	at org.openqa.selenium.remote.RemoteWebDriver.findElements(RemoteWebDriver.java:388)
	at org.openqa.selenium.remote.RemoteWebDriver.findElementsByTagName(RemoteWebDriver.java:453)
	at org.openqa.selenium.By$ByTagName.findElements(By.java:327)
	at org.openqa.selenium.remote.RemoteWebDriver.findElements(RemoteWebDriver.java:351)
	at com.c2info.RMS_UIActions.HomePage.doLogOut(HomePage.java:88)
	at com.c2info.RMS_HomePageTCs.TC_001_VerifyLoginLogOut.verifyLogOut(TC_001_VerifyLoginLogOut.java:39)
	at sun.reflect.NativeMethodAccessorImpl.invoke0(Native Method)
	at sun.reflect.NativeMethodAccessorImpl.invoke(NativeMethodAccessorImpl.java:62)
	at sun.reflect.DelegatingMethodAccessorImpl.invoke(DelegatingMethodAccessorImpl.java:43)
	at java.lang.reflect.Method.invoke(Method.java:498)
	at org.testng.internal.MethodInvocationHelper.invokeMethod(MethodInvocationHelper.java:108)
	at org.testng.internal.Invoker.invokeMethod(Invoker.java:669)
	at org.testng.internal.Invoker.invokeTestMethod(Invoker.java:877)
	at org.testng.internal.Invoker.invokeTestMethods(Invoker.java:1201)
	at org.testng.internal.TestMethodWorker.invokeTestMethods(TestMethodWorker.java:125)
	at org.testng.internal.TestMethodWorker.run(TestMethodWorker.java:109)
	at org.testng.TestRunner.privateRun(TestRunner.java:776)
	at org.testng.TestRunner.run(TestRunner.java:634)
	at org.testng.SuiteRunner.runTest(SuiteRunner.java:425)
	at org.testng.SuiteRunner.runSequentially(SuiteRunner.java:420)
	at org.testng.SuiteRunner.privateRun(SuiteRunner.java:385)
	at org.testng.SuiteRunner.run(SuiteRunner.java:334)
	at org.testng.SuiteRunnerWorker.runSuite(SuiteRunnerWorker.java:52)
	at org.testng.SuiteRunnerWorker.run(SuiteRunnerWorker.java:86)
	at org.testng.TestNG.runSuitesSequentially(TestNG.java:1318)
	at org.testng.TestNG.runSuitesLocally(TestNG.java:1243)
	at org.testng.TestNG.runSuites(TestNG.java:1161)
	at org.testng.TestNG.run(TestNG.java:1129)
	at org.testng.remote.AbstractRemoteTestNG.run(AbstractRemoteTestNG.java:114)
[...]
	at java.lang.reflect.Method.invoke(Method.java:498)
	at org.testng.internal.MethodInvocationHelper.invokeMethod(MethodInvocationHelper.java:108)
	at org.testng.internal.Invoker.invokeMethod(Invoker.java:669)
	at org.testng.internal.Invoker.invokeTestMethod(Invoker.java:877)
	at org.testng.internal.Invoker.invokeTestMethods(Invoker.java:1201)
	at org.testng.internal.TestMethodWorker.invokeTestMethods(TestMethodWorker.java:125)
	at org.testng.internal.TestMethodWorker.run(TestMethodWorker.java:109)
	at org.testng.TestRunner.privateRun(TestRunner.java:776)
	at org.testng.TestRunner.run(TestRunner.java:634)
	at org.testng.SuiteRunner.runTest(SuiteRunner.java:425)
	at org.testng.SuiteRunner.runSequentially(SuiteRunner.java:420)
	at org.testng.SuiteRunner.privateRun(SuiteRunner.java:385)
	at org.testng.SuiteRunner.run(SuiteRunner.java:334)
	at org.testng.SuiteRunnerWorker.runSuite(SuiteRunnerWorker.java:52)
	at org.testng.SuiteRunnerWorker.run(SuiteRunnerWorker.java:86)
	at org.testng.TestNG.runSuitesSequentially(TestNG.java:1318)
	at org.testng.TestNG.runSuitesLocally(TestNG.java:1243)
	at org.testng.TestNG.runSuites(TestNG.java:1161)
	at org.testng.TestNG.run(TestNG.java:1129)
	at org.testng.remote.AbstractRemoteTestNG.run(AbstractRemoteTestNG.java:114)
	at org.testng.remote.RemoteTestNG.initAndRun(RemoteTestNG.java:251)
	at org.testng.remote.RemoteTestNG.main(RemoteTestNG.java:77)
]]>
            </full-stacktrace>
          </exception> <!-- org.openqa.selenium.InvalidElementStateException -->
          <reporter-output>
            <line>
              <![CDATA[<a href='E:\workspace\com.c2info.RMS\src\main\java\com\c2info\RMS_Screenshots\FailureScreenshots\verifyStatusInFinancialPage_2018_06_178_12_06_401.png' ><img src = 'E:\workspace\com.c2info.RMS\src\main\java\com\c2info\RMS_Screenshots\FailureScreenshots\verifyStatusInFinancialPage_2018_06_178_12_06_401.png' hieght='100' width='100' /></a>]]>
            </line>
          </reporter-output>
        </test-method> <!-- verifyStatusInFinancialPage -->
        <test-method status="PASS" signature="afterMethod(org.testng.ITestResult)[pri:0, instance:com.c2info.RMS_FinancialApproverTCs.TC003_VerifyNewRequestStatusInFinancialPage@17c386de]" name="afterMethod" is-config="true" duration-ms="330" started-at="2018-06-27T12:32:12Z" finished-at="2018-06-27T12:32:13Z">
          <params>
            <param index="0">
              <value>
                <![CDATA[[TestResult name=verifyStatusInFinancialPage status=FAILURE method=TC003_VerifyNewRequestStatusInFinancialPage.verifyStatusInFinancialPage()[pri:0, instance:com.c2info.RMS_FinancialApproverTCs.TC003_VerifyNewRequestStatusInFinancialPage@17c386de] output=<a href='E:\workspace\com.c2info.RMS\src\main\java\com\c2info\RMS_Screenshots\FailureScreenshots\verifyStatusInFinancialPage_2018_06_178_12_06_401.png' ><img src = 'E:\workspace\com.c2info.RMS\src\main\java\com\c2info\RMS_Screenshots\FailureScreenshots\verifyStatusInFinancialPage_2018_06_178_12_06_401.png' hieght='100' width='100' /></a>]]]>
              </value>
            </param>
          </params>
          <reporter-output>
          </reporter-output>
        </test-method> <!-- afterMethod -->
        <test-method status="PASS" signature="endTest()[pri:0, instance:com.c2info.RMS_FinancialApproverTCs.TC003_VerifyNewRequestStatusInFinancialPage@17c386de]" name="endTest" is-config="true" duration-ms="92" started-at="2018-06-27T12:32:13Z" finished-at="2018-06-27T12:32:13Z">
          <reporter-output>
          </reporter-output>
        </test-method> <!-- endTest -->
      </class> <!-- com.c2info.RMS_FinancialApproverTCs.TC003_VerifyNewRequestStatusInFinancialPage -->
      <class name="com.c2info.RMS_HomePageTCs.TC_004_VerifySortingFunctionalityInListView">
        <test-method status="SKIP" signature="setup()[pri:0, instance:com.c2info.RMS_HomePageTCs.TC_004_VerifySortingFunctionalityInListView@2c34f934]" name="setup" is-config="true" duration-ms="0" started-at="2018-06-27T12:36:09Z" finished-at="2018-06-27T12:36:09Z">
          <reporter-output>
          </reporter-output>
        </test-method> <!-- setup -->
        <test-method status="SKIP" signature="beforeMethod(java.lang.reflect.Method)[pri:0, instance:com.c2info.RMS_HomePageTCs.TC_004_VerifySortingFunctionalityInListView@2c34f934]" name="beforeMethod" is-config="true" duration-ms="0" started-at="2018-06-27T12:36:09Z" finished-at="2018-06-27T12:36:09Z">
          <reporter-output>
          </reporter-output>
        </test-method> <!-- beforeMethod -->
        <test-method status="SKIP" signature="verifySortAscendingInListView()[pri:1, instance:com.c2info.RMS_HomePageTCs.TC_004_VerifySortingFunctionalityInListView@2c34f934]" name="verifySortAscendingInListView" duration-ms="0" started-at="2018-06-27T12:36:09Z" finished-at="2018-06-27T12:36:09Z">
          <exception class="org.openqa.selenium.remote.SessionNotFoundException">
            <message>
              <![CDATA[no such session
  (Driver info: chromedriver=2.37.544315 (730aa6a5fdba159ac9f4c1e8cbc59bf1b5ce12b7),platform=Windows NT 10.0.17134 x86_64) (WARNING: The server did not provide any stacktrace information)
Command duration or timeout: 1 milliseconds
Build info: version: '2.53.1', revision: 'a36b8b1cd5757287168e54b817830adce9b0158d', time: '2016-06-30 19:26:09'
System info: host: 'ChethanBidare-pc', ip: '172.16.18.209', os.name: 'Windows 10', os.arch: 'amd64', os.version: '10.0', java.version: '1.8.0_144'
Driver info: org.openqa.selenium.chrome.ChromeDriver
Capabilities [{applicationCacheEnabled=false, rotatable=false, mobileEmulationEnabled=false, networkConnectionEnabled=false, chrome={chromedriverVersion=2.37.544315 (730aa6a5fdba159ac9f4c1e8cbc59bf1b5ce12b7), userDataDir=C:\Users\User1\AppData\Local\Temp\scoped_dir6156_25596}, takesHeapSnapshot=true, pageLoadStrategy=normal, databaseEnabled=false, handlesAlerts=true, hasTouchScreen=false, version=67.0.3396.99, platform=XP, browserConnectionEnabled=false, nativeEvents=true, acceptSslCerts=false, acceptInsecureCerts=false, locationContextEnabled=true, webStorageEnabled=true, browserName=chrome, takesScreenshot=true, javascriptEnabled=true, cssSelectorsEnabled=true, setWindowRect=true, unexpectedAlertBehaviour=}]
Session ID: 6b4048fd3e89e9e48273265fa7f15292]]>
            </message>
            <full-stacktrace>
              <![CDATA[org.openqa.selenium.remote.SessionNotFoundException: no such session
  (Driver info: chromedriver=2.37.544315 (730aa6a5fdba159ac9f4c1e8cbc59bf1b5ce12b7),platform=Windows NT 10.0.17134 x86_64) (WARNING: The server did not provide any stacktrace information)
Command duration or timeout: 1 milliseconds
Build info: version: '2.53.1', revision: 'a36b8b1cd5757287168e54b817830adce9b0158d', time: '2016-06-30 19:26:09'
System info: host: 'ChethanBidare-pc', ip: '172.16.18.209', os.name: 'Windows 10', os.arch: 'amd64', os.version: '10.0', java.version: '1.8.0_144'
Driver info: org.openqa.selenium.chrome.ChromeDriver
Capabilities [{applicationCacheEnabled=false, rotatable=false, mobileEmulationEnabled=false, networkConnectionEnabled=false, chrome={chromedriverVersion=2.37.544315 (730aa6a5fdba159ac9f4c1e8cbc59bf1b5ce12b7), userDataDir=C:\Users\User1\AppData\Local\Temp\scoped_dir6156_25596}, takesHeapSnapshot=true, pageLoadStrategy=normal, databaseEnabled=false, handlesAlerts=true, hasTouchScreen=false, version=67.0.3396.99, platform=XP, browserConnectionEnabled=false, nativeEvents=true, acceptSslCerts=false, acceptInsecureCerts=false, locationContextEnabled=true, webStorageEnabled=true, browserName=chrome, takesScreenshot=true, javascriptEnabled=true, cssSelectorsEnabled=true, setWindowRect=true, unexpectedAlertBehaviour=}]
Session ID: 6b4048fd3e89e9e48273265fa7f15292
	at sun.reflect.NativeConstructorAccessorImpl.newInstance0(Native Method)
	at sun.reflect.NativeConstructorAccessorImpl.newInstance(NativeConstructorAccessorImpl.java:62)
	at sun.reflect.DelegatingConstructorAccessorImpl.newInstance(DelegatingConstructorAccessorImpl.java:45)
	at java.lang.reflect.Constructor.newInstance(Constructor.java:423)
	at org.openqa.selenium.remote.ErrorHandler.createThrowable(ErrorHandler.java:206)
	at org.openqa.selenium.remote.ErrorHandler.throwIfResponseFailed(ErrorHandler.java:158)
	at org.openqa.selenium.remote.RemoteWebDriver.execute(RemoteWebDriver.java:678)
	at org.openqa.selenium.remote.RemoteWebDriver.execute(RemoteWebDriver.java:701)
	at org.openqa.selenium.remote.RemoteWebDriver.close(RemoteWebDriver.java:521)
	at com.c2info.RMS_TestBase.TestBase.endTest(TestBase.java:268)
	at sun.reflect.GeneratedMethodAccessor50.invoke(Unknown Source)
	at sun.reflect.DelegatingMethodAccessorImpl.invoke(DelegatingMethodAccessorImpl.java:43)
	at java.lang.reflect.Method.invoke(Method.java:498)
	at org.testng.internal.MethodInvocationHelper.invokeMethod(MethodInvocationHelper.java:108)
	at org.testng.internal.Invoker.invokeConfigurationMethod(Invoker.java:523)
	at org.testng.internal.Invoker.invokeConfigurations(Invoker.java:224)
	at org.testng.internal.Invoker.invokeConfigurations(Invoker.java:146)
	at org.testng.internal.TestMethodWorker.invokeAfterClassMethods(TestMethodWorker.java:211)
	at org.testng.internal.TestMethodWorker.run(TestMethodWorker.java:111)
	at org.testng.TestRunner.privateRun(TestRunner.java:776)
	at org.testng.TestRunner.run(TestRunner.java:634)
	at org.testng.SuiteRunner.runTest(SuiteRunner.java:425)
	at org.testng.SuiteRunner.runSequentially(SuiteRunner.java:420)
	at org.testng.SuiteRunner.privateRun(SuiteRunner.java:385)
	at org.testng.SuiteRunner.run(SuiteRunner.java:334)
	at org.testng.SuiteRunnerWorker.runSuite(SuiteRunnerWorker.java:52)
	at org.testng.SuiteRunnerWorker.run(SuiteRunnerWorker.java:86)
	at org.testng.TestNG.runSuitesSequentially(TestNG.java:1318)
	at org.testng.TestNG.runSuitesLocally(TestNG.java:1243)
	at org.testng.TestNG.runSuites(TestNG.java:1161)
	at org.testng.TestNG.run(TestNG.java:1129)
	at org.testng.remote.AbstractRemoteTestNG.run(AbstractRemoteTestNG.java:114)
	at org.testng.remote.RemoteTestNG.initAndRun(RemoteTestNG.java:251)
	at org.testng.remote.RemoteTestNG.main(RemoteTestNG.java:77)
]]>
            </full-stacktrace>
          </exception> <!-- org.openqa.selenium.remote.SessionNotFoundException -->
          <reporter-output>
          </reporter-output>
        </test-method> <!-- verifySortAscendingInListView -->
        <test-method status="SKIP" signature="afterMethod(org.testng.ITestResult)[pri:0, instance:com.c2info.RMS_HomePageTCs.TC_004_VerifySortingFunctionalityInListView@2c34f934]" name="afterMethod" is-config="true" duration-ms="0" started-at="2018-06-27T12:36:09Z" finished-at="2018-06-27T12:36:09Z">
          <reporter-output>
          </reporter-output>
        </test-method> <!-- afterMethod -->
      </class> <!-- com.c2info.RMS_HomePageTCs.TC_004_VerifySortingFunctionalityInListView -->
      <class name="com.c2info.RMS_NewRequestTCs.TC003_VerifyQtyField">
        <test-method status="PASS" signature="setup()[pri:0, instance:com.c2info.RMS_NewRequestTCs.TC003_VerifyQtyField@548a102f]" name="setup" is-config="true" duration-ms="11647" started-at="2018-06-27T12:29:19Z" finished-at="2018-06-27T12:29:30Z">
          <reporter-output>
          </reporter-output>
        </test-method> <!-- setup -->
        <test-method status="PASS" signature="beforeMethod(java.lang.reflect.Method)[pri:0, instance:com.c2info.RMS_NewRequestTCs.TC003_VerifyQtyField@548a102f]" name="beforeMethod" is-config="true" duration-ms="0" started-at="2018-06-27T12:29:30Z" finished-at="2018-06-27T12:29:30Z">
          <params>
            <param index="0">
              <value>
                <![CDATA[public void com.c2info.RMS_NewRequestTCs.TC003_VerifyQtyField.verifyQtyField() throws java.lang.InterruptedException]]>
              </value>
            </param>
          </params>
          <reporter-output>
          </reporter-output>
        </test-method> <!-- beforeMethod -->
        <test-method status="FAIL" signature="verifyQtyField()[pri:0, instance:com.c2info.RMS_NewRequestTCs.TC003_VerifyQtyField@548a102f]" name="verifyQtyField" duration-ms="12674" started-at="2018-06-27T12:29:30Z" finished-at="2018-06-27T12:29:43Z">
          <exception class="java.lang.NullPointerException">
            <full-stacktrace>
              <![CDATA[java.lang.NullPointerException
	at com.c2info.RMS_NewRequestTCs.TC003_VerifyQtyField.verifyQtyField(TC003_VerifyQtyField.java:46)
	at sun.reflect.NativeMethodAccessorImpl.invoke0(Native Method)
	at sun.reflect.NativeMethodAccessorImpl.invoke(NativeMethodAccessorImpl.java:62)
	at sun.reflect.DelegatingMethodAccessorImpl.invoke(DelegatingMethodAccessorImpl.java:43)
	at java.lang.reflect.Method.invoke(Method.java:498)
	at org.testng.internal.MethodInvocationHelper.invokeMethod(MethodInvocationHelper.java:108)
	at org.testng.internal.Invoker.invokeMethod(Invoker.java:669)
	at org.testng.internal.Invoker.invokeTestMethod(Invoker.java:877)
	at org.testng.internal.Invoker.invokeTestMethods(Invoker.java:1201)
	at org.testng.internal.TestMethodWorker.invokeTestMethods(TestMethodWorker.java:125)
	at org.testng.internal.TestMethodWorker.run(TestMethodWorker.java:109)
	at org.testng.TestRunner.privateRun(TestRunner.java:776)
	at org.testng.TestRunner.run(TestRunner.java:634)
	at org.testng.SuiteRunner.runTest(SuiteRunner.java:425)
	at org.testng.SuiteRunner.runSequentially(SuiteRunner.java:420)
	at org.testng.SuiteRunner.privateRun(SuiteRunner.java:385)
	at org.testng.SuiteRunner.run(SuiteRunner.java:334)
	at org.testng.SuiteRunnerWorker.runSuite(SuiteRunnerWorker.java:52)
	at org.testng.SuiteRunnerWorker.run(SuiteRunnerWorker.java:86)
	at org.testng.TestNG.runSuitesSequentially(TestNG.java:1318)
	at org.testng.TestNG.runSuitesLocally(TestNG.java:1243)
	at org.testng.TestNG.runSuites(TestNG.java:1161)
	at org.testng.TestNG.run(TestNG.java:1129)
	at org.testng.remote.AbstractRemoteTestNG.run(AbstractRemoteTestNG.java:114)
	at org.testng.remote.RemoteTestNG.initAndRun(RemoteTestNG.java:251)
	at org.testng.remote.RemoteTestNG.main(RemoteTestNG.java:77)
]]>
            </full-stacktrace>
          </exception> <!-- java.lang.NullPointerException -->
          <reporter-output>
            <line>
              <![CDATA[<a href='E:\workspace\com.c2info.RMS\src\main\java\com\c2info\RMS_Screenshots\FailureScreenshots\verifyQtyField_2018_06_178_12_06_385.png' ><img src = 'E:\workspace\com.c2info.RMS\src\main\java\com\c2info\RMS_Screenshots\FailureScreenshots\verifyQtyField_2018_06_178_12_06_385.png' hieght='100' width='100' /></a>]]>
            </line>
          </reporter-output>
        </test-method> <!-- verifyQtyField -->
        <test-method status="PASS" signature="afterMethod(org.testng.ITestResult)[pri:0, instance:com.c2info.RMS_NewRequestTCs.TC003_VerifyQtyField@548a102f]" name="afterMethod" is-config="true" duration-ms="335" started-at="2018-06-27T12:29:43Z" finished-at="2018-06-27T12:29:44Z">
          <params>
            <param index="0">
              <value>
                <![CDATA[[TestResult name=verifyQtyField status=FAILURE method=TC003_VerifyQtyField.verifyQtyField()[pri:0, instance:com.c2info.RMS_NewRequestTCs.TC003_VerifyQtyField@548a102f] output=<a href='E:\workspace\com.c2info.RMS\src\main\java\com\c2info\RMS_Screenshots\FailureScreenshots\verifyQtyField_2018_06_178_12_06_385.png' ><img src = 'E:\workspace\com.c2info.RMS\src\main\java\com\c2info\RMS_Screenshots\FailureScreenshots\verifyQtyField_2018_06_178_12_06_385.png' hieght='100' width='100' /></a>]]]>
              </value>
            </param>
          </params>
          <reporter-output>
          </reporter-output>
        </test-method> <!-- afterMethod -->
        <test-method status="PASS" signature="endTest()[pri:0, instance:com.c2info.RMS_NewRequestTCs.TC003_VerifyQtyField@548a102f]" name="endTest" is-config="true" duration-ms="80" started-at="2018-06-27T12:29:44Z" finished-at="2018-06-27T12:29:44Z">
          <reporter-output>
          </reporter-output>
        </test-method> <!-- endTest -->
      </class> <!-- com.c2info.RMS_NewRequestTCs.TC003_VerifyQtyField -->
      <class name="com.c2info.RMS_RequestApproverTCs.TC004_VerifyNewRequestStatusInApprovalPage">
        <test-method status="PASS" signature="setup()[pri:0, instance:com.c2info.RMS_RequestApproverTCs.TC004_VerifyNewRequestStatusInApprovalPage@212bf671]" name="setup" is-config="true" duration-ms="10297" started-at="2018-06-27T12:16:18Z" finished-at="2018-06-27T12:16:28Z">
          <reporter-output>
          </reporter-output>
        </test-method> <!-- setup -->
        <test-method status="PASS" signature="verifyStatusInApprovalPage()[pri:0, instance:com.c2info.RMS_RequestApproverTCs.TC004_VerifyNewRequestStatusInApprovalPage@212bf671]" name="verifyStatusInApprovalPage" duration-ms="49843" started-at="2018-06-27T12:16:28Z" finished-at="2018-06-27T12:17:18Z">
          <reporter-output>
            <line>
              <![CDATA[<a href='E:\workspace\com.c2info.RMS\src\main\java\com\c2info\RMS_Screenshots\SuccessScreenshots\verifyStatusInApprovalPage_2018_06_178_12_06_699.png' ><img src = 'E:\workspace\com.c2info.RMS\src\main\java\com\c2info\RMS_Screenshots\SuccessScreenshots\verifyStatusInApprovalPage_2018_06_178_12_06_699.png' hieght='100' width='100' /></a>]]>
            </line>
          </reporter-output>
        </test-method> <!-- verifyStatusInApprovalPage -->
        <test-method status="PASS" signature="beforeMethod(java.lang.reflect.Method)[pri:0, instance:com.c2info.RMS_RequestApproverTCs.TC004_VerifyNewRequestStatusInApprovalPage@212bf671]" name="beforeMethod" is-config="true" duration-ms="0" started-at="2018-06-27T12:16:28Z" finished-at="2018-06-27T12:16:28Z">
          <params>
            <param index="0">
              <value>
                <![CDATA[public void com.c2info.RMS_RequestApproverTCs.TC004_VerifyNewRequestStatusInApprovalPage.verifyStatusInApprovalPage() throws java.lang.InterruptedException]]>
              </value>
            </param>
          </params>
          <reporter-output>
          </reporter-output>
        </test-method> <!-- beforeMethod -->
        <test-method status="PASS" signature="afterMethod(org.testng.ITestResult)[pri:0, instance:com.c2info.RMS_RequestApproverTCs.TC004_VerifyNewRequestStatusInApprovalPage@212bf671]" name="afterMethod" is-config="true" duration-ms="1" started-at="2018-06-27T12:17:18Z" finished-at="2018-06-27T12:17:18Z">
          <params>
            <param index="0">
              <value>
                <![CDATA[[TestResult name=verifyStatusInApprovalPage status=SUCCESS method=TC004_VerifyNewRequestStatusInApprovalPage.verifyStatusInApprovalPage()[pri:0, instance:com.c2info.RMS_RequestApproverTCs.TC004_VerifyNewRequestStatusInApprovalPage@212bf671] output=<a href='E:\workspace\com.c2info.RMS\src\main\java\com\c2info\RMS_Screenshots\SuccessScreenshots\verifyStatusInApprovalPage_2018_06_178_12_06_699.png' ><img src = 'E:\workspace\com.c2info.RMS\src\main\java\com\c2info\RMS_Screenshots\SuccessScreenshots\verifyStatusInApprovalPage_2018_06_178_12_06_699.png' hieght='100' width='100' /></a>]]]>
              </value>
            </param>
          </params>
          <reporter-output>
          </reporter-output>
        </test-method> <!-- afterMethod -->
        <test-method status="PASS" signature="endTest()[pri:0, instance:com.c2info.RMS_RequestApproverTCs.TC004_VerifyNewRequestStatusInApprovalPage@212bf671]" name="endTest" is-config="true" duration-ms="97" started-at="2018-06-27T12:17:18Z" finished-at="2018-06-27T12:17:19Z">
          <reporter-output>
          </reporter-output>
        </test-method> <!-- endTest -->
      </class> <!-- com.c2info.RMS_RequestApproverTCs.TC004_VerifyNewRequestStatusInApprovalPage -->
    </test> <!-- FunctionalTest -->
  </suite> <!-- Functional_Suite -->
</testng-results>
